JS server already running on port 8081.
[36m[1minfo[22m[39m [0mDetected architectures arm64-v8a[0m
[36m[1minfo[22m[39m [0mInstalling the app...[0m

[1A[1m<[0;1m-------------> 0% INITIALIZING [94ms][m[38D[1B[1A[1m<[0;1m-------------> 0% INITIALIZING [194ms][m[39D[1B[1A[1m<[0;1m-------------> 0% INITIALIZING [296ms][m[39D[1B[1A[1m<[0;1m-------------> 0% INITIALIZING [395ms][m[39D[1B[1A[1m<[0;1m-------------> 0% INITIALIZING [497ms][m[39D[1B
[2A[1m<[0;1m-------------> 0% INITIALIZING [596ms][m[39D[1B[1m> Evaluating settings[m[21D[1B[2A[1m<[0;1m-------------> 0% INITIALIZING [695ms][m[39D[2B[2A[1m<[0;1m-------------> 0% INITIALIZING [794ms][m[39D[2B[2A[1m<[0;1m-------------> 0% INITIALIZING [897ms][m[39D[2B[2A[1m<[0;1m-------------> 0% INITIALIZING [996ms][m[39D[2B[2A[1m<[0;1m-------------> 0% INITIALIZING [1s][m[0K[36D[1B[1m> Evaluating settings > Evaluating settings[m[43D[1B[1A[1m> Evaluating settings > Evaluating settings > Resolve dependencies of detachedConfiguration1[m[92D[1B[1A[1m> Evaluating settings > Evaluating settings[m[0K[43D[1B[1A[1m> Evaluating settings > Evaluating settings > Resolve files of configuration 'classpath'[m[88D[1B[1A[1m> Evaluating settings > Evaluating settings[m[0K[43D[1B[1A[1m> Evaluating settings[m[0K[21D[1B[1A[1m> Evaluating settings > Loading projects[m[40D[1B[1A[1m> Evaluating settings > :gradle-plugin[m[0K[38D[1B[2A[1m<[0;1m-------------> 0% INITIALIZING [2s][m[36D[1B[1m> Evaluating settings > :gradle-plugin > Resolve dependencies of classpath[m[74D[1B[1A[1m> Evaluating settings > :gradle-plugin > Resolve files of configuration 'classpath'[m[83D[1B[1A[1m> Evaluating settings > :gradle-plugin[m[0K[38D[1B[1A[1m> Evaluating settings > :gradle-plugin:react-native-gradle-plugin[m[65D[1B[2A[1m<[0;1m-------------> 0% INITIALIZING [3s][m[36D[2B[2A[1m<[0;1m-------------> 0% INITIALIZING [4s][m[36D[2B[1A[1m> Evaluating settings > :gradle-plugin:settings-plugin[m[0K[54D[1B[1A[1m> Evaluating settings[m[0K[21D[1B[1A[1m> Evaluating settings > :gradle-plugin:shared[m[45D[1B[1A[1m> Evaluating settings > :gradle-plugin:shared-testutil[m[54D[1B[2A[1m<[0;1m-------------> 0% INITIALIZING [5s][m[36D[1B[1m> Evaluating settings[m[0K[21D[1B[1A[1m> Evaluating settings > Discovering toolchains > Detecting local java toolchains[m[80D[1B[1A[1m> Evaluating settings[m[0K[21D[1B[2A[1m<[0;1m-------------> 0% INITIALIZING [6s][m[36D[2B[1A[1m> Evaluating settings > :gradle-plugin:shared:compileKotlin[m[59D[1B[1A[1m> Evaluating settings > :gradle-plugin:shared:compileKotlin > Resolve files of configuration ':gradle-plugin:shared:detachedConfig[m[130D[1B[1A[1m> Evaluating settings > :gradle-plugin:shared:compileKotlin > Resolve dependencies of :gradle-plugin:shared:kotlinCompilerClasspat[m[130D[1B[1A[1m> Evaluating settings > :gradle-plugin:shared:compileKotlin[m[0K[59D[1B
[3A[36C[0K[36D[2B[1m> Evaluating settings > :gradle-plugin:settings-plugin:pluginDescriptors[m[72D[1B[3A[1m<[0;1m-------------> 0% INITIALIZING [7s][m[36D[3B[1A[1m> Evaluating settings > :gradle-plugin:settings-plugin:processResources[m[0K[71D[1B[1A> IDLE[0K[6D[1B[3A[1m<[0;1m-------------> 0% INITIALIZING [8s][m[36D[3B[3A[1m<[0;1m-------------> 0% INITIALIZING [9s][m[36D[3B[3A[1m<[0;1m-------------> 0% INITIALIZING [10s][m[37D[3B[3A[1m<[0;1m-------------> 0% INITIALIZING [11s][m[37D[3B[3A[1m<[0;1m-------------> 0% INITIALIZING [12s][m[37D[3B[3A[1m<[0;1m-------------> 0% INITIALIZING [13s][m[37D[3B[3A[1m<[0;1m-------------> 0% INITIALIZING [14s][m[37D[3B[3A[1m<[0;1m-------------> 0% INITIALIZING [15s][m[37D[3B[3A[1m<[0;1m-------------> 0% INITIALIZING [16s][m[37D[3B[3A[1m<[0;1m-------------> 0% INITIALIZING [17s][m[37D[3B[3A[1m<[0;1m-------------> 0% INITIALIZING [18s][m[37D[3B[3A[1m<[0;1m-------------> 0% INITIALIZING [19s][m[37D[3B[3A[1m<[0;1m-------------> 0% INITIALIZING [20s][m[37D[3B[3A[1m<[0;1m-------------> 0% INITIALIZING [21s][m[37D[3B[3A[1m<[0;1m-------------> 0% INITIALIZING [22s][m[37D[3B[3A[1m<[0;1m-------------> 0% INITIALIZING [23s][m[37D[3B[3A[1m<[0;1m-------------> 0% INITIALIZING [24s][m[37D[3B[3A[1m<[0;1m-------------> 0% INITIALIZING [25s][m[37D[3B[3A[1m<[0;1m-------------> 0% INITIALIZING [26s][m[37D[3B[2A[1m> Evaluating settings[m[0K[21D[2B[2A[1m> Evaluating settings > :gradle-plugin:shared:jar[m[49D[2B[2A[1m> Evaluating settings[m[0K[21D[2B[2A[1m> Evaluating settings > :gradle-plugin:settings-plugin:compileKotlin[m[68D[2B[3A[1m<[0;1m-------------> 0% INITIALIZING [27s][m[37D[3B[2A[1m> Evaluating settings > :gradle-plugin:settings-plugin:compileKotlin > Resolve files of configuration ':gradle-plugin:settings-plu[m[130D[2B[3A[1m<[0;1m-------------> 0% INITIALIZING [28s][m[37D[3B[3A[1m<[0;1m-------------> 0% INITIALIZING [29s][m[37D[3B[2A[1m> Evaluating settings > :gradle-plugin:settings-plugin:compileKotlin[m[0K[68D[2B[3A[1m<[0;1m-------------> 0% INITIALIZING [30s][m[37D[3B[3A[1m<[0;1m-------------> 0% INITIALIZING [31s][m[37D[3B[3A[1m<[0;1m-------------> 0% INITIALIZING [32s][m[37D[3B[3A[1m<[0;1m-------------> 0% INITIALIZING [33s][m[37D[3B[3A[1m<[0;1m-------------> 0% INITIALIZING [34s][m[37D[3B[3A[1m<[0;1m-------------> 0% INITIALIZING [35s][m[37D[3B[3A[1m<[0;1m-------------> 0% INITIALIZING [36s][m[37D[3B[3A[1m<[0;1m-------------> 0% INITIALIZING [37s][m[37D[3B[3A[1m<[0;1m-------------> 0% INITIALIZING [38s][m[37D[3B[3A[1m<[0;1m-------------> 0% INITIALIZING [39s][m[37D[3B[3A[1m<[0;1m-------------> 0% INITIALIZING [40s][m[37D[3B[3A[1m<[0;1m-------------> 0% INITIALIZING [41s][m[37D[3B[3A[1m<[0;1m-------------> 0% INITIALIZING [42s][m[37D[3B[3A[1m<[0;1m-------------> 0% INITIALIZING [43s][m[37D[3B[3A[1m<[0;1m-------------> 0% INITIALIZING [44s][m[37D[3B[3A[1m<[0;1m-------------> 0% INITIALIZING [45s][m[37D[3B[2A[1m> Evaluating settings > :gradle-plugin:settings-plugin:compileJava[m[0K[66D[2B[2A[1m> Evaluating settings > :gradle-plugin:settings-plugin:jar[m[0K[58D[2B[3A[1m<[0;1m-------------> 0% INITIALIZING [46s][m[37D[3B[2A[1m> Evaluating settings[m[0K[21D[2B[2A[1m> Evaluating settings > Resolve dependencies of classpath[m[57D[2B[2A[1m> Evaluating settings > Resolve files of configuration 'classpath' > Resolve files of configuration 'classpath'[m[111D[2B[2A[1m> Evaluating settings > Resolve files of configuration 'classpath'[m[0K[66D[2B[2A[1m> Evaluating settings[m[0K[21D[2B[3A[1m<[0;1m-------------> 0% CONFIGURING [46s][m[0K[36D[1B[1m> Loading projects[m[0K[18D[2B[2A[1m> root project[m[0K[14D[2B[2A[1m> root project > Resolve dependencies of classpath[m[50D[2B[3A[1m<[0;1m-------------> 0% CONFIGURING [47s][m[36D[3B[2A[1m> root project[m[0K[14D[2B[3A[1m<[0;1m-------------> 0% CONFIGURING [48s][m[36D[3B[2A[1m> root project > Resolve dependencies of :gradle-plugin:react-native-gradle-plugin:kotlinCompilerClasspath[m[106D[2B[2A[1m> root project > :gradle-plugin:react-native-gradle-plugin:compileKotlin > Resolve files of configuration ':gradle-plugin:react-na[m[130D[2B[2A[1m> root project > :gradle-plugin:react-native-gradle-plugin:compileKotlin[m[0K[72D[2B[1A[1m> root project > :gradle-plugin:react-native-gradle-plugin:pluginDescriptors[m[76D[1B[1A> IDLE[0K[6D[1B[3A[1m<[0;1m-------------> 0% CONFIGURING [49s][m[36D[3B[3A[1m<[0;1m-------------> 0% CONFIGURING [50s][m[36D[3B[3A[1m<[0;1m-------------> 0% CONFIGURING [51s][m[36D[3B[3A[1m<[0;1m-------------> 0% CONFIGURING [52s][m[36D[3B[3A[1m<[0;1m-------------> 0% CONFIGURING [53s][m[36D[3B[3A[1m<[0;1m-------------> 0% CONFIGURING [54s][m[36D[3B[3A[1m<[0;1m-------------> 0% CONFIGURING [55s][m[36D[3B[3A[1m<[0;1m-------------> 0% CONFIGURING [56s][m[36D[3B[3A[1m<[0;1m-------------> 0% CONFIGURING [57s][m[36D[3B[3A[1m<[0;1m-------------> 0% CONFIGURING [58s][m[36D[3B[3A[1m<[0;1m-------------> 0% CONFIGURING [59s][m[36D[3B[3A[1m<[0;1m-------------> 0% CONFIGURING [1m][m[0K[35D[3B[3A[1m<[0;1m-------------> 0% CONFIGURING [1m 1s][m[38D[3B[3A[1m<[0;1m-------------> 0% CONFIGURING [1m 2s][m[38D[3B[3A[1m<[0;1m-------------> 0% CONFIGURING [1m 3s][m[38D[3B[3A[1m<[0;1m-------------> 0% CONFIGURING [1m 4s][m[38D[3B[3A[1m<[0;1m-------------> 0% CONFIGURING [1m 5s][m[38D[3B[3A[1m<[0;1m-------------> 0% CONFIGURING [1m 6s][m[38D[3B[3A[1m<[0;1m-------------> 0% CONFIGURING [1m 7s][m[38D[3B[3A[1m<[0;1m-------------> 0% CONFIGURING [1m 8s][m[38D[3B[3A[1m<[0;1m-------------> 0% CONFIGURING [1m 9s][m[38D[3B[3A[1m<[0;1m-------------> 0% CONFIGURING [1m 10s][m[39D[3B[3A[1m<[0;1m-------------> 0% CONFIGURING [1m 11s][m[39D[3B[3A[1m<[0;1m-------------> 0% CONFIGURING [1m 12s][m[39D[3B[3A[1m<[0;1m-------------> 0% CONFIGURING [1m 13s][m[39D[3B[3A[1m<[0;1m-------------> 0% CONFIGURING [1m 14s][m[39D[3B[3A[1m<[0;1m-------------> 0% CONFIGURING [1m 15s][m[39D[3B[3A[1m<[0;1m-------------> 0% CONFIGURING [1m 16s][m[39D[3B[3A[1m<[0;1m-------------> 0% CONFIGURING [1m 17s][m[39D[3B[3A[1m<[0;1m-------------> 0% CONFIGURING [1m 18s][m[39D[3B[3A[1m<[0;1m-------------> 0% CONFIGURING [1m 19s][m[39D[3B[3A[1m<[0;1m-------------> 0% CONFIGURING [1m 20s][m[39D[3B[2A[1m> root project > :gradle-plugin:react-native-gradle-plugin:jar[m[0K[62D[2B[3A[1m<[0;1m-------------> 0% CONFIGURING [1m 21s][m[39D[3B[2A[1m> root project[m[0K[14D[2B[2A[1m> root project > Resolve files of configuration 'classpath' > Resolve files of configuration 'classpath'[m[104D[2B[2A[1m> root project > Resolve files of configuration 'classpath'[m[0K[59D[2B[2A[1m> root project[m[0K[14D[2B[2A[1m> root project > :app[m[21D[2B[3A[1m<[0;1m-------------> 0% CONFIGURING [1m 22s][m[39D[3B[3A[1m<[0;1m-------------> 0% CONFIGURING [1m 23s][m[39D[3B[3A[1m<[0;1m-------------> 0% CONFIGURING [1m 24s][m[39D[3B[3A[1m<[0;1m-------------> 0% CONFIGURING [1m 25s][m[39D[3B[3A[1m<[0;1m-------------> 0% CONFIGURING [1m 26s][m[39D[3B[3A[1m<[0;32;1m====[0;39;1m---------> 33% CONFIGURING [1m 26s][m[40D[1B[1m> :react-native-gesture-handler[m[31D[2B[3A[1m<[0;32;1m====[0;39;1m---------> 33% CONFIGURING [1m 27s][m[40D[1B[1m> :react-native-gesture-handler > Resolve dependencies of classpath[m[67D[2B[2A[1m> :react-native-gesture-handler > Resolve files of configuration 'classpath'[m[76D[2B[2A[1m> :react-native-gesture-handler[m[0K[31D[2B[3A[1m<[0;32;1m====[0;39;1m---------> 33% CONFIGURING [1m 28s][m[40D[3B[3A[1m<[0;32;1m====[0;39;1m---------> 33% CONFIGURING [1m 29s][m[40D[3B[3A[1m<[0;32;1m====[0;39;1m---------> 33% CONFIGURING [1m 30s][m[40D[3B[3A[1m<[0;32;1m======[0;39;1m-------> 50% CONFIGURING [1m 30s][m[40D[1B[1m> :react-native-safe-area-context > Resolve dependencies of classpath[m[69D[2B[2A[1m> :react-native-safe-area-context > Resolve files of configuration 'classpath'[m[78D[2B[2A[1m> :react-native-safe-area-context[m[0K[33D[2B[3A[1m<[0;32;1m======[0;39;1m-------> 50% CONFIGURING [1m 31s][m[40D[3B[3A[1m<[0;32;1m========[0;39;1m-----> 66% CONFIGURING [1m 31s][m[40D[1B[1m> :react-native-svg[m[0K[19D[2B[3A[1m<[0;32;1m========[0;39;1m-----> 66% CONFIGURING [1m 32s][m[40D[3B[3A[1m<[0;32;1m==========[0;39;1m---> 83% CONFIGURING [1m 33s][m[40D[1B[1m> :react-native-worklets[m[24D[2B[3A[1m<[0;32;1m==========[0;39;1m---> 83% CONFIGURING [1m 34s][m[40D[3B[3A[1m<[0;32;1m==========[0;39;1m---> 83% CONFIGURING [1m 35s][m[40D[3B[3A[1m<[0;32;1m=============[0;39;1m> 100% CONFIGURING [1m 35s][m[41D[1B[1m> Discovering toolchains > Detecting local java toolchains[m[58D[2B[3A[1m<[0;32;1m=============[0;39;1m> 100% CONFIGURING [1m 36s][m[41D[1B> IDLE[0K[6D[2B[2A[1m> Resolve dependencies of :app:debugCompileClasspath > Resolve dependencies of :app:debugRuntimeClasspath[m[105D[2B[3A[1m<[0;32;1m=============[0;39;1m> 100% CONFIGURING [1m 37s][m[41D[3B[2A[1m> Resolve dependencies of :app:debugCompileClasspath[m[0K[52D[2B[2A> IDLE[0K[6D[2B[3A[1m<[0;32;1m=============[0;39;1m> 100% CONFIGURING [1m 38s][m[41D[3B[2A[1m> Resolve dependencies of :app:androidApis[m[42D[2B[2A[1m> Resolve dependencies of :react-native-gesture-handler:androidApis[m[67D[2B[2A> IDLE[0K[6D[2B[3A[1m<[0;32;1m=============[0;39;1m> 100% CONFIGURING [1m 39s][m[41D[1B[1m> Resolve dependencies of :react-native-gesture-handler:debugCompileClasspath[m[77D[2B[2A> IDLE[0K[6D[2B[2A[1m> Resolve dependencies of :react-native-svg:debugCompileClasspath > Resolve dependencies of :react-native-svg:debugRuntimeClasspat[m[130D[2B[2A[1m> Resolve dependencies of :react-native-safe-area-context:debugAnnotationProcessorClasspath[m[0K[91D[2B[2A[1m> Resolve dependencies of :react-native-safe-area-context:debugCompileClasspath[m[0K[79D[2B[2A> IDLE[0K[6D[2B[3A[1m<[0;1m-------------> 0% EXECUTING [1m 40s][m[0K[37D[3B[3A[1m<[0;1m-------------> 2% EXECUTING [1m 40s][m[37D[3B[3A[1m<[0;1m-------------> 4% EXECUTING [1m 40s][m[37D[1B[1m> :react-native-gesture-handler:generateCodegenSchemaFromJavaScript[m[67D[2B[3A[1m<[0;1m-------------> 4% EXECUTING [1m 41s][m[37D[3B[3A[1m<[0;1m-------------> 4% EXECUTING [1m 42s][m[37D[3B[2A[1m> :react-native-gesture-handler:generateCodegenArtifactsFromSchema[m[0K[66D[2B[3A[1m<[0;1m-------------> 4% EXECUTING [1m 43s][m[37D[3B[3A[1m<[0;1m-------------> 4% EXECUTING [1m 44s][m[37D[3B[3A[1m<[0;1m-------------> 6% EXECUTING [1m 44s][m[37D[1B[1m> :react-native-gesture-handler:writeDebugAarMetadata[m[0K[53D[2B[3A[1m<[0;1m-------------> 7% EXECUTING [1m 44s][m[37D[1B> IDLE[0K[6D[1B[1m> :react-native-safe-area-context:generateCodegenSchemaFromJavaScript[m[69D[1B[3A[1m<[0;1m-------------> 7% EXECUTING [1m 45s][m[37D[3B[3A[1m<[0;1m-------------> 7% EXECUTING [1m 46s][m[37D[3B[3A[1m<[0;1m-------------> 7% EXECUTING [1m 47s][m[37D[3B[1A[1m> :react-native-safe-area-context:generateCodegenArtifactsFromSchema[m[0K[68D[1B[3A[1m<[0;1m-------------> 7% EXECUTING [1m 48s][m[37D[3B[3A[1m<[0;1m-------------> 7% EXECUTING [1m 49s][m[37D[3B[3A[1m<[0;1m-------------> 7% EXECUTING [1m 50s][m[37D[3B[3A[1m<[0;32;1m=[0;39;1m------------> 9% EXECUTING [1m 50s][m[37D[2B[1m> :react-native-svg:generateCodegenSchemaFromJavaScript[m[0K[55D[1B[3A[1m<[0;32;1m=[0;39;1m------------> 9% EXECUTING [1m 51s][m[37D[3B[3A[1m<[0;32;1m=[0;39;1m------------> 9% EXECUTING [1m 52s][m[37D[3B[3A[1m<[0;32;1m=[0;39;1m------------> 9% EXECUTING [1m 53s][m[37D[3B[3A[1m<[0;32;1m=[0;39;1m------------> 9% EXECUTING [1m 54s][m[37D[3B[3A[1m<[0;32;1m=[0;39;1m------------> 10% EXECUTING [1m 54s][m[38D[2B[1m> :react-native-svg:generateCodegenArtifactsFromSchema[m[0K[54D[1B[3A[1m<[0;32;1m=[0;39;1m------------> 10% EXECUTING [1m 55s][m[38D[3B[3A[1m<[0;32;1m=[0;39;1m------------> 10% EXECUTING [1m 56s][m[38D[3B[3A[1m<[0;32;1m=[0;39;1m------------> 10% EXECUTING [1m 57s][m[38D[3B[3A[1m<[0;32;1m=[0;39;1m------------> 11% EXECUTING [1m 57s][m[38D[2B[1m> :react-native-svg:writeDebugAarMetadata[m[0K[41D[1B[3A[1m<[0;32;1m=[0;39;1m------------> 14% EXECUTING [1m 57s][m[38D[2B[1m> :app:checkDebugAarMetadata[m[0K[28D[1B[3A[1m<[0;32;1m=[0;39;1m------------> 14% EXECUTING [1m 58s][m[38D[2B[1m> :app:checkDebugAarMetadata > Resolve files of configuration ':app:debugRuntimeClasspath'[m[90D[1B[3A[1m<[0;32;1m==[0;39;1m-----------> 16% EXECUTING [1m 58s][m[38D[2B[1m> :react-native-gesture-handler:packageDebugResources[m[0K[53D[1B[3A[1m<[0;32;1m==[0;39;1m-----------> 17% EXECUTING [1m 58s][m[38D[2B[1m> :react-native-safe-area-context:generateDebugResources[m[56D[1B[1A[1m> :react-native-safe-area-context:packageDebugResources[m[0K[55D[1B[3A[1m<[0;32;1m==[0;39;1m-----------> 19% EXECUTING [1m 58s][m[38D[2B[1m> :react-native-svg:packageDebugResources[m[0K[41D[1B[3A[1m<[0;32;1m==[0;39;1m-----------> 20% EXECUTING [1m 58s][m[38D[2B> IDLE[0K[6D[1B[3A[1m<[0;32;1m==[0;39;1m-----------> 21% EXECUTING [1m 58s][m[38D[3B[1A[1m> :app:mapDebugSourceSetPaths[m[29D[1B[3A[1m<[0;32;1m==[0;39;1m-----------> 22% EXECUTING [1m 59s][m[38D[2B[1m> :app:mergeDebugResources[m[0K[26D[1B[3A[1m<[0;32;1m==[0;39;1m-----------> 22% EXECUTING [2m][m[0K[34D[3B[3A[1m<[0;32;1m==[0;39;1m-----------> 22% EXECUTING [2m 1s][m[37D[3B[3A[1m<[0;32;1m==[0;39;1m-----------> 22% EXECUTING [2m 2s][m[37D[3B[3A[1m<[0;32;1m==[0;39;1m-----------> 22% EXECUTING [2m 3s][m[37D[3B[3A[1m<[0;32;1m==[0;39;1m-----------> 22% EXECUTING [2m 4s][m[37D[3B[3A[1m<[0;32;1m==[0;39;1m-----------> 22% EXECUTING [2m 5s][m[37D[3B[3A[1m<[0;32;1m==[0;39;1m-----------> 22% EXECUTING [2m 6s][m[37D[3B[3A[1m<[0;32;1m==[0;39;1m-----------> 22% EXECUTING [2m 7s][m[37D[3B[3A[1m<[0;32;1m===[0;39;1m----------> 24% EXECUTING [2m 7s][m[37D[1B[1m> :app:extractDeepLinksDebug[m[28D[2B[3A[1m<[0;32;1m===[0;39;1m----------> 25% EXECUTING [2m 7s][m[37D[1B[1m> :react-native-gesture-handler:processDebugManifest[m[52D[2B
[4A[1m<[0;32;1m===[0;39;1m----------> 26% EXECUTING [2m 7s][m[0K[37D[3B[1m> :react-native-safe-area-context:processDebugManifest[m[54D[1B[4A[1m<[0;32;1m===[0;39;1m----------> 26% EXECUTING [2m 8s][m[37D[4B[4A[0K
[1m> Task :react-native-safe-area-context:processDebugManifest[m
package="com.th3rdwave.safeareacontext" found in source AndroidManifest.xml: /Users/gabrieldagadu/PoliverAI/mono-repo-nx/node_modules/react-native-safe-area-context/android/src/main/AndroidManifest.xml.
Setting the namespace via the package attribute in the source AndroidManifest.xml is no longer supported, and the value is ignored.
Recommendation: remove package="com.th3rdwave.safeareacontext" from the source AndroidManifest.xml: /Users/gabrieldagadu/PoliverAI/mono-repo-nx/node_modules/react-native-safe-area-context/android/src/main/AndroidManifest.xml.
[0K
[0K
[0K
[0K
[4A[1m<[0;32;1m===[0;39;1m----------> 29% EXECUTING [2m 8s][m[37D[1B[1m> :app:processDebugMainManifest > Resolve files of configuration ':app:debugRuntimeClasspath'[m[93D[1B[1m> :app:mergeDebugResources[m[26D[1B> IDLE[6D[1B[3A[1m> :app:processDebugMainManifest[m[0K[31D[3B[4A[1m<[0;32;1m====[0;39;1m---------> 31% EXECUTING [2m 9s][m[37D[1B[1m> :react-native-gesture-handler:parseDebugLocalResources[m[56D[2B[1m> :react-native-safe-area-context:parseDebugLocalResources[m[58D[1B[4A[1m<[0;32;1m====[0;39;1m---------> 32% EXECUTING [2m 9s][m[37D[1B[1m> :react-native-gesture-handler:generateDebugRFile[m[0K[50D[3B

[6A[1m<[0;32;1m====[0;39;1m---------> 34% EXECUTING [2m 9s][m[37D[1B[50C[0K[50D[2B> IDLE[0K[6D[1B[1m> :react-native-svg:parseDebugLocalResources[m[44D[1B[1m> :react-native-worklets:parseDebugLocalResources > Resolve files of configuration ':react-native-worklets:androidApis'[m[119D[1B[5A> IDLE[0K[6D[5B[6A[1m<[0;32;1m====[0;39;1m---------> 35% EXECUTING [2m 9s][m[37D[4B> IDLE[0K[6D[2B[4A> IDLE[0K[6D[4B[6A[1m<[0;32;1m====[0;39;1m---------> 35% EXECUTING [2m 10s][m[38D[6B[6A[1m<[0;32;1m====[0;39;1m---------> 35% EXECUTING [2m 11s][m[38D[6B[6A[1m<[0;32;1m====[0;39;1m---------> 35% EXECUTING [2m 12s][m[38D[6B[6A[1m<[0;32;1m====[0;39;1m---------> 35% EXECUTING [2m 13s][m[38D[6B[6A[1m<[0;32;1m====[0;39;1m---------> 35% EXECUTING [2m 14s][m[38D[6B[1A[1m> :react-native-worklets:parseDebugLocalResources > Resolve files of configuration ':react-native-worklets:androidApis' > Platform[m[130D[1B[4A[1m> :react-native-safe-area-context:generateDebugRFile[m[52D[2B[1m> :react-native-svg:generateDebugRFile[m[38D[1B[1m> :react-native-worklets:parseDebugLocalResources[m[0K[49D[1B[6A[1m<[0;32;1m=====[0;39;1m--------> 38% EXECUTING [2m 14s][m[38D[2B> IDLE[0K[6D[2B[1m> :react-native-svg:generateDebugBuildConfig[m[44D[1B> IDLE[0K[6D[1B[6A[1m<[0;32;1m=====[0;39;1m--------> 39% EXECUTING [2m 15s][m[38D[4B[1m> :app:processDebugResources[m[0K[28D[2B[6A[1m<[0;32;1m=====[0;39;1m--------> 41% EXECUTING [2m 15s][m[38D[2B[1m> :react-native-svg:compileDebugJavaWithJavac[m[45D[4B[4A[1m> :react-native-svg:compileDebugJavaWithJavac > Resolve files of configuration ':react-native-svg:androidJdkImage'[m[114D[4B[4A[1m> :react-native-svg:compileDebugJavaWithJavac[m[0K[45D[4B[6A[1m<[0;32;1m=====[0;39;1m--------> 41% EXECUTING [2m 16s][m[38D[6B[6A[1m<[0;32;1m=====[0;39;1m--------> 41% EXECUTING [2m 17s][m[38D[6B[6A[1m<[0;32;1m=====[0;39;1m--------> 41% EXECUTING [2m 18s][m[38D[6B[6A[1m<[0;32;1m=====[0;39;1m--------> 41% EXECUTING [2m 19s][m[38D[6B[6A[1m<[0;32;1m=====[0;39;1m--------> 41% EXECUTING [2m 20s][m[38D[6B[6A[1m<[0;32;1m=====[0;39;1m--------> 41% EXECUTING [2m 21s][m[38D[6B[6A[1m<[0;32;1m=====[0;39;1m--------> 41% EXECUTING [2m 22s][m[38D[6B[6A[1m<[0;32;1m=====[0;39;1m--------> 41% EXECUTING [2m 23s][m[38D[6B[6A[1m<[0;32;1m=====[0;39;1m--------> 41% EXECUTING [2m 24s][m[38D[4B> IDLE[0K[6D[2B[6A[1m<[0;32;1m=====[0;39;1m--------> 41% EXECUTING [2m 25s][m[38D[6B[6A[1m<[0;32;1m=====[0;39;1m--------> 41% EXECUTING [2m 26s][m[38D[6B[6A[1m<[0;32;1m=====[0;39;1m--------> 41% EXECUTING [2m 27s][m[38D[6B[6A[1m<[0;32;1m=====[0;39;1m--------> 41% EXECUTING [2m 28s][m[38D[6B[6A[1m<[0;32;1m=====[0;39;1m--------> 41% EXECUTING [2m 29s][m[38D[6B[6A[1m<[0;32;1m=====[0;39;1m--------> 41% EXECUTING [2m 30s][m[38D[6B[6A[1m<[0;32;1m=====[0;39;1m--------> 41% EXECUTING [2m 31s][m[38D[6B[6A[0K
[1m> Task :react-native-svg:compileDebugJavaWithJavac[m
[4B[0K
[0K
[6A[1m<[0;32;1m=====[0;39;1m--------> 41% EXECUTING [2m 31s][m[0K[38D[1B> IDLE[6D[1B[1m> :react-native-svg:compileDebugJavaWithJavac[m[45D[1B> IDLE[6D[1B> IDLE[6D[1B> IDLE[6D[1B[6A[1m<[0;32;1m=====[0;39;1m--------> 41% EXECUTING [2m 32s][m[38D[6B[6A[1m<[0;32;1m=====[0;39;1m--------> 42% EXECUTING [2m 32s][m[38D[2B[1m> :react-native-svg:bundleLibCompileToJarDebug[m[46D[2B[1m> :react-native-safe-area-context:compileDebugKotlin[m[52D[2B[2A[1m> :react-native-safe-area-context:compileDebugKotlin > Resolve files of configuration ':react-native-safe-area-context:detachedCon[m[130D[2B[6A[1m<[0;32;1m=====[0;39;1m--------> 43% EXECUTING [2m 32s][m[38D[2B> IDLE[0K[6D[2B[1m> :react-native-safe-area-context:compileDebugKotlin[m[0K[52D[2B[4A[1m> :react-native-gesture-handler:compileDebugKotlin[m[50D[4B[6A[1m<[0;32;1m=====[0;39;1m--------> 43% EXECUTING [2m 33s][m[38D[6B[4A[1m> :react-native-gesture-handler:compileDebugKotlin > Resolve files of configuration ':react-native-gesture-handler:detachedConfigu[m[130D[4B[4A[1m> :react-native-gesture-handler:compileDebugKotlin[m[0K[50D[4B[6A[1m<[0;32;1m=====[0;39;1m--------> 44% EXECUTING [2m 33s][m[38D[1B[1m> :app:mergeDebugShaders[m[24D[4B[1m> :react-native-worklets:javaPreCompileDebug[m[44D[1B[6A[1m<[0;32;1m=====[0;39;1m--------> 45% EXECUTING [2m 33s][m[38D[1B> IDLE[0K[6D[4B[1m> :react-native-worklets:compileDebugJavaWithJavac[m[50D[1B[6A[1m<[0;32;1m=====[0;39;1m--------> 45% EXECUTING [2m 34s][m[38D[6B[6A[1m<[0;32;1m=====[0;39;1m--------> 45% EXECUTING [2m 35s][m[38D[6B[6A[1m<[0;32;1m=====[0;39;1m--------> 45% EXECUTING [2m 36s][m[38D[6B[6A[1m<[0;32;1m=====[0;39;1m--------> 45% EXECUTING [2m 37s][m[38D[6B[6A[1m<[0;32;1m=====[0;39;1m--------> 45% EXECUTING [2m 38s][m[38D[6B[6A[1m<[0;32;1m=====[0;39;1m--------> 45% EXECUTING [2m 39s][m[38D[6B[6A[1m<[0;32;1m=====[0;39;1m--------> 45% EXECUTING [2m 40s][m[38D[6B[6A[1m<[0;32;1m=====[0;39;1m--------> 45% EXECUTING [2m 41s][m[38D[6B[6A[1m<[0;32;1m=====[0;39;1m--------> 45% EXECUTING [2m 42s][m[38D[5B[1m> :react-native-worklets:compileDebugJavaWithJavac > Resolve files of configuration ':react-native-worklets:androidJdkImage'[m[124D[1B[6A[1m<[0;32;1m=====[0;39;1m--------> 45% EXECUTING [2m 43s][m[38D[6B[1A[1m> :react-native-worklets:compileDebugJavaWithJavac > Resolve files of configuration ':react-native-worklets:androidJdkImage' > Jdk[m[130D[1B[6A[1m<[0;32;1m=====[0;39;1m--------> 45% EXECUTING [2m 44s][m[38D[6B[6A[1m<[0;32;1m=====[0;39;1m--------> 45% EXECUTING [2m 45s][m[38D[6B[6A[1m<[0;32;1m=====[0;39;1m--------> 45% EXECUTING [2m 46s][m[38D[6B[6A[1m<[0;32;1m=====[0;39;1m--------> 45% EXECUTING [2m 47s][m[38D[6B[6A[1m<[0;32;1m=====[0;39;1m--------> 45% EXECUTING [2m 48s][m[38D[6B[6A[1m<[0;32;1m=====[0;39;1m--------> 45% EXECUTING [2m 49s][m[38D[6B[6A[1m<[0;32;1m=====[0;39;1m--------> 45% EXECUTING [2m 50s][m[38D[6B[6A[1m<[0;32;1m=====[0;39;1m--------> 45% EXECUTING [2m 51s][m[38D[6B[6A[1m<[0;32;1m=====[0;39;1m--------> 45% EXECUTING [2m 52s][m[38D[6B[6A[1m<[0;32;1m=====[0;39;1m--------> 45% EXECUTING [2m 53s][m[38D[6B[6A[1m<[0;32;1m=====[0;39;1m--------> 45% EXECUTING [2m 54s][m[38D[6B[6A[1m<[0;32;1m=====[0;39;1m--------> 45% EXECUTING [2m 55s][m[38D[6B[6A[1m<[0;32;1m=====[0;39;1m--------> 45% EXECUTING [2m 56s][m[38D[6B[6A[1m<[0;32;1m=====[0;39;1m--------> 45% EXECUTING [2m 57s][m[38D[6B[6A[1m<[0;32;1m=====[0;39;1m--------> 45% EXECUTING [2m 58s][m[38D[6B[6A[0K
[1m> Task :react-native-safe-area-context:compileDebugKotlin[m
w: file:///Users/gabrieldagadu/PoliverAI/mono-repo-nx/node_modules/react-native-safe-area-context/android/src/main/java/com/th3rdwave/safeareacontext/SafeAreaView.kt:59:23 'val uiImplementation: UIImplementation!' is deprecated. Deprecated in Java.
[2B[0K
[0K
[0K
[0K
[6A[1m<[0;32;1m=====[0;39;1m--------> 45% EXECUTING [2m 58s][m[0K[38D[1B> IDLE[0K[6D[1B[1m> :react-native-gesture-handler:compileDebugKotlin[m[50D[1B> IDLE[6D[1B[1m> :react-native-safe-area-context:compileDebugKotlin[m[52D[1B[1m> :react-native-worklets:compileDebugJavaWithJavac > Resolve files of configuration ':react-native-worklets:androidJdkImage' > Jdk[m[130D[1B[6A[1m<[0;32;1m======[0;39;1m-------> 46% EXECUTING [2m 58s][m[38D[4B> IDLE[0K[6D[2B[6A[1m<[0;32;1m======[0;39;1m-------> 46% EXECUTING [2m 59s][m[38D[6B[6A[1m<[0;32;1m======[0;39;1m-------> 46% EXECUTING [3m][m[0K[34D[6B[6A[1m<[0;32;1m======[0;39;1m-------> 46% EXECUTING [3m 1s][m[37D[6B[6A[1m<[0;32;1m======[0;39;1m-------> 46% EXECUTING [3m 2s][m[37D[6B[1A[1m> :react-native-worklets:compileDebugJavaWithJavac > Resolve files of configuration ':react-native-worklets:androidJdkImage'[m[0K[124D[1B[1A[1m> :react-native-worklets:compileDebugJavaWithJavac[m[0K[50D[1B[6A[1m<[0;32;1m======[0;39;1m-------> 46% EXECUTING [3m 3s][m[37D[6B[6A[1m<[0;32;1m======[0;39;1m-------> 46% EXECUTING [3m 4s][m[37D[6B[6A[1m<[0;32;1m======[0;39;1m-------> 46% EXECUTING [3m 5s][m[37D[6B[6A[1m<[0;32;1m======[0;39;1m-------> 46% EXECUTING [3m 6s][m[37D[6B[6A[1m<[0;32;1m======[0;39;1m-------> 46% EXECUTING [3m 7s][m[37D[6B[6A[1m<[0;32;1m======[0;39;1m-------> 46% EXECUTING [3m 8s][m[37D[6B[6A[1m<[0;32;1m======[0;39;1m-------> 46% EXECUTING [3m 9s][m[37D[6B[6A[1m<[0;32;1m======[0;39;1m-------> 46% EXECUTING [3m 10s][m[38D[6B[6A[1m<[0;32;1m======[0;39;1m-------> 46% EXECUTING [3m 11s][m[38D[6B[6A[1m<[0;32;1m======[0;39;1m-------> 46% EXECUTING [3m 12s][m[38D[6B[6A[1m<[0;32;1m======[0;39;1m-------> 46% EXECUTING [3m 13s][m[38D[6B[6A[1m<[0;32;1m======[0;39;1m-------> 46% EXECUTING [3m 14s][m[38D[6B[6A[1m<[0;32;1m======[0;39;1m-------> 46% EXECUTING [3m 15s][m[38D[6B[6A[1m<[0;32;1m======[0;39;1m-------> 46% EXECUTING [3m 16s][m[38D[6B[6A[1m<[0;32;1m======[0;39;1m-------> 46% EXECUTING [3m 17s][m[38D[6B[6A[1m<[0;32;1m======[0;39;1m-------> 47% EXECUTING [3m 17s][m[38D[2B> IDLE[0K[6D[4B[6A[1m<[0;32;1m======[0;39;1m-------> 47% EXECUTING [3m 18s][m[38D[6B[6A[1m<[0;32;1m======[0;39;1m-------> 47% EXECUTING [3m 19s][m[38D[6B[6A[1m<[0;32;1m======[0;39;1m-------> 47% EXECUTING [3m 20s][m[38D[6B[6A[1m<[0;32;1m======[0;39;1m-------> 47% EXECUTING [3m 21s][m[38D[6B[6A[1m<[0;32;1m======[0;39;1m-------> 47% EXECUTING [3m 22s][m[38D[6B[1A> IDLE[0K[6D[1B[1A[1m> :react-native-gesture-handler:compileDebugJavaWithJavac > Resolve files of configuration ':react-native-gesture-handler:debugCom[m[130D[1B[1A[1m> :react-native-gesture-handler:compileDebugJavaWithJavac[m[0K[57D[1B[6A[1m<[0;32;1m======[0;39;1m-------> 47% EXECUTING [3m 23s][m[38D[6B[6A[1m<[0;32;1m======[0;39;1m-------> 47% EXECUTING [3m 24s][m[38D[6B[6A[1m<[0;32;1m======[0;39;1m-------> 48% EXECUTING [3m 24s][m[38D[2B[1m> :react-native-safe-area-context:compileDebugJavaWithJavac[m[59D[3B[1m> :react-native-gesture-handler:bundleLibCompileToJarDebug[m[58D[1B[1A> IDLE[0K[6D[1B[6A[1m<[0;32;1m======[0;39;1m-------> 48% EXECUTING [3m 25s][m[38D[6B[6A[1m<[0;32;1m======[0;39;1m-------> 50% EXECUTING [3m 25s][m[38D[2B[1m> :react-native-safe-area-context:bundleLibCompileToJarDebug[m[60D[3B[1m> :react-native-gesture-handler:mergeDebugShaders[m[49D[1B[6A[1m<[0;32;1m======[0;39;1m-------> 51% EXECUTING [3m 25s][m[38D[2B> IDLE[0K[6D[3B[1m> :app:compileDebugKotlin[m[0K[25D[1B[1A[1m> :app:compileDebugKotlin > Resolve files of configuration ':app:debugCompileClasspath'[m[87D[1B[1A[1m> :app:compileDebugKotlin > Resolve files of configuration ':app:detachedConfiguration6'[m[88D[1B[1A[1m> :app:compileDebugKotlin > Resolve files of configuration ':app:detachedConfiguration6' > BuildToolsApiClasspathEntrySnapshotTran[m[130D[1B[4A[1m> :app:compileDebugKotlin > Resolve files of configuration ':app:detachedConfiguration6' > BuildToolsApiClasspathEntrySnapshotTran[m[130D[4B[1A> IDLE[0K[6D[1B[6A[1m<[0;32;1m======[0;39;1m-------> 51% EXECUTING [3m 26s][m[38D[6B[4A[1m> :app:compileDebugKotlin > Resolve files of configuration ':app:detachedConfiguration6'[m[0K[88D[4B[4A[1m> :app:compileDebugKotlin[m[0K[25D[4B[6A[1m<[0;32;1m=======[0;39;1m------> 55% EXECUTING [3m 26s][m[38D[5B[1m> :react-native-safe-area-context:packageDebugAssets[m[52D[1B[6A[1m<[0;32;1m=======[0;39;1m------> 57% EXECUTING [3m 26s][m[38D[5B[1m> :react-native-worklets:mergeDebugShaders[m[0K[42D[1B[6A[1m<[0;32;1m=======[0;39;1m------> 60% EXECUTING [3m 26s][m[38D[5B[1m> :app:mergeDebugAssets > Resolve files of configuration ':app:debugRuntimeClasspath'[m[85D[1B
[7A[1m<[0;32;1m========[0;39;1m-----> 62% EXECUTING [3m 26s][m[38D[1B[1m> :react-native-svg:bundleLibRuntimeToJarDebug[m[46D[2B[1m> :react-native-gesture-handler:processDebugJavaRes[m[51D[1B[1m> :react-native-safe-area-context:bundleLibRuntimeToJarDebug[m[0K[60D[1B[1m> :react-native-gesture-handler:bundleLibRuntimeToJarDebug[m[0K[58D[1B[1m> Transforming classes.jar (project :react-native-worklets) with IdentityTransform[m[82D[1B[7A[1m<[0;32;1m========[0;39;1m-----> 62% EXECUTING [3m 27s][m[38D[6B[1m> Transforming classes.jar (project :react-native-worklets) with DexingNoClasspathTransform > DexingNoClasspathTransform classes.j[m[130D[1B[7A[1m<[0;32;1m========[0;39;1m-----> 63% EXECUTING [3m 27s][m[38D[4B> IDLE[0K[6D[3B[7A[1m<[0;32;1m========[0;39;1m-----> 65% EXECUTING [3m 27s][m[38D[3B[1m> Transforming classes.jar (project :react-native-gesture-handler) with DexingNoClasspathTransform > DexingNoClasspathTransform cl[m[130D[1B[1m> Transforming classes.jar (project :react-native-safe-area-context) with DexingNoClasspathTransform > DexingNoClasspathTransform [m[130D[1B[1m> :react-native-safe-area-context:processDebugJavaRes[m[0K[53D[2B[7A[1m<[0;32;1m========[0;39;1m-----> 67% EXECUTING [3m 27s][m[38D[5B[1m> :app:checkDebugDuplicateClasses > Resolve files of configuration ':app:debugRuntimeClasspath'[m[95D[2B[2A[1m> :app:checkDebugDuplicateClasses[m[0K[33D[2B


[10A[38C[0K[38D[1B[46C[0K[46D[1B[25C[0K[25D[5B[1m> :react-native-gesture-handler:bundleLibRuntimeToDirDebug[m[58D[1B[1m> :react-native-safe-area-context:bundleLibRuntimeToDirDebug[m[60D[1B[1m> :react-native-svg:bundleLibRuntimeToDirDebug[m[46D[1B
[11A[38C[0K[38D[2B[25C[0K[25D[3B[33C[0K[33D[2B[58C[0K[58D[3B[1m> :app:configureCMakeDebug[arm64-v8a] > Resolve files of configuration ':app:debugCompileClasspath'[m[99D[1B[11A[1m<[0;32;1m========[0;39;1m-----> 69% EXECUTING [3m 28s][m[38D[1B> IDLE[0K[6D[4B> IDLE[0K[6D[3B> IDLE[0K[6D[2B[1m> :app:configureCMakeDebug[arm64-v8a][m[0K[37D[1B[5A[1m> Transforming classes.jar (project :react-native-worklets) with DexingNoClasspathTransform[m[0K[91D[5B[11A[1m<[0;32;1m=========[0;39;1m----> 70% EXECUTING [3m 28s][m[38D[6B> IDLE[0K[6D[5B[4A> IDLE[0K[6D[4B[11A[1m<[0;32;1m=========[0;39;1m----> 70% EXECUTING [3m 29s][m[38D[11B[11A[1m<[0;32;1m=========[0;39;1m----> 71% EXECUTING [3m 29s][m[38D[4B> IDLE[0K[6D[7B[11A[1m<[0;32;1m=========[0;39;1m----> 72% EXECUTING [3m 29s][m[38D[9B> IDLE[0K[6D[2B[11A[1m<[0;32;1m=========[0;39;1m----> 72% EXECUTING [3m 30s][m[38D[11B[11A[1m<[0;32;1m=========[0;39;1m----> 72% EXECUTING [3m 31s][m[38D[11B[11A[1m<[0;32;1m=========[0;39;1m----> 72% EXECUTING [3m 32s][m[38D[11B[9A> IDLE[0K[6D[9B[11A[1m<[0;32;1m=========[0;39;1m----> 72% EXECUTING [3m 33s][m[38D[11B[11A[1m<[0;32;1m=========[0;39;1m----> 74% EXECUTING [3m 33s][m[38D[3B> IDLE[0K[6D[8B[11A[1m<[0;32;1m=========[0;39;1m----> 74% EXECUTING [3m 34s][m[38D[11B[11A[1m<[0;32;1m=========[0;39;1m----> 74% EXECUTING [3m 35s][m[38D[11B[11A[1m<[0;32;1m=========[0;39;1m----> 74% EXECUTING [3m 36s][m[38D[11B[11A[1m<[0;32;1m=========[0;39;1m----> 74% EXECUTING [3m 37s][m[38D[11B[11A[1m<[0;32;1m=========[0;39;1m----> 74% EXECUTING [3m 38s][m[38D[11B[11A[0K
[1m> Task :app:configureCMakeDebug[arm64-v8a][m
C/C++: CMake Error at /Users/gabrieldagadu/PoliverAI/mono-repo-nx/apps/poliverai/android/app/build/generated/autolinking/src/main/jni/Android-autolinking.cmake:12 (add_subdirectory):
C/C++:   add_subdirectory given source
C/C++:   "/Users/gabrieldagadu/PoliverAI/mono-repo-nx/node_modules/react-native-worklets/android/build/generated/source/codegen/jni/"[0K[0K
C/C++:   which is not an existing directory.
C/C++: Call Stack (most recent call first):
C/C++:   /Users/gabrieldagadu/PoliverAI/mono-repo-nx/node_modules/react-native/ReactAndroid/cmake-utils/ReactNative-application.cmake:100 (include)[0K[0K
C/C++:   CMakeLists.txt:31 (include)
C/C++: CMake Error at /Users/gabrieldagadu/PoliverAI/mono-repo-nx/node_modules/react-native/ReactAndroid/cmake-utils/ReactNative-application.cmake:103 (target_link_libraries):
C/C++:   Cannot specify link libraries for target "react_codegen_rnworklets" which
C/C++:   is not built by this project.
C/C++: Call Stack (most recent call first):
C/C++:   CMakeLists.txt:31 (include)
[0K
[0K
[0K
[0K
[0K
[0K
[0K
[0K
[0K
[0K
[0K
[11A[1m<[0;32;1m=========[0;39;1m----> 74% EXECUTING [3m 38s][m[38D[1B> IDLE[6D[1B> IDLE[6D[1B> IDLE[6D[1B> IDLE[6D[1B> IDLE[6D[1B> IDLE[6D[1B> IDLE[6D[1B> IDLE[6D[1B> IDLE[6D[1B[1m> :app:configureCMakeDebug[arm64-v8a][m[37D[1B[11A[0K
[31;1m> Task :app:configureCMakeDebug[arm64-v8a][0;39m[31m FAILED[39m
[9B[0K
[0K
[11A[1m<[0;31;1m=========[0;39;1m----> 74% EXECUTING [3m 38s][m[38D[1B> IDLE[6D[1B> IDLE[6D[1B> IDLE[6D[1B> IDLE[6D[1B> IDLE[6D[1B> IDLE[6D[1B> IDLE[6D[1B> IDLE[0K[6D[1B> IDLE[6D[1B> IDLE[6D[1B[11A[1m<[0;31;1m=========[0;39;1m----> 74% EXECUTING [3m 39s][m[38D[11B[11A[0K
[Incubating] Problems report is available at: file:///Users/gabrieldagadu/PoliverAI/mono-repo-nx/apps/poliverai/android/build/reports/problems/problems-report.html
[0K
Deprecated Gradle features were used in this build, making it incompatible with Gradle 9.0.
[0K
You can use '--warning-mode all' to show the individual deprecation warnings and determine if they come from your own scripts or plugins.
[0K
For more on this, please refer to https://docs.gradle.org/8.13/userguide/command_line_interface.html#sec:command_line_warnings in the Gradle documentation.
112 actionable tasks: 95 executed, 17 up-to-date
[0K
[0K
[0K
[0K
[0K
[0K
[0K
[0K
[0K
[0K
[0K
[11A[1m<[0;31;1m=========[0;39;1m----> 74% EXECUTING [3m 39s][m[38D[1B> IDLE[6D[1B> IDLE[6D[1B> IDLE[6D[1B> IDLE[6D[1B> IDLE[6D[1B> IDLE[6D[1B> IDLE[6D[1B> IDLE[6D[1B> IDLE[6D[1B> IDLE[6D[1B[11A[1m<[0;31;1m=========[0;39;1m----> 74% EXECUTING [3m 40s][m[38D[11B[11A[1m<[0;1m-------------> 0% WAITING[m[0K[26D[11B[11A[2K[1B[2K[1B[2K[1B[2K[1B[2K[1B[2K[1B[2K[1B[2K[1B[2K[1B[2K[1B[2K[10A[0m[?12l[?25h
[36m[1minfo[22m[39m [0m[2m[2mðŸ’¡ Tip: Make sure that you have set up your development environment correctly, by running[22m[2m [0m[0m[1mnpx react-native doctor[22m[2m[0m[0m. [2mTo read more about doctor command visit: https://github.com/react-native-community/cli/blob/main/packages/cli-doctor/README.md#doctor [22m[2m[22m[0m
[0m[2m[2m[22m[2m[22m[0m
[0mNote: Some input files use or override a deprecated API.[0m
[0mNote: Recompile with -Xlint:deprecation for details.[0m
[0mNote: Some input files use unchecked or unsafe operations.[0m
[0mNote: Recompile with -Xlint:unchecked for details.[0m
[0m[0m
[0mFAILURE: Build failed with an exception.[0m
[0m[0m
[0m* What went wrong:[0m
[0mExecution failed for task ':app:configureCMakeDebug[arm64-v8a]'.[0m
[0m> [CXX1429] error when building with cmake using /Users/gabrieldagadu/PoliverAI/mono-repo-nx/node_modules/react-native/ReactAndroid/cmake-utils/default-app-setup/CMakeLists.txt: -- Configuring incomplete, errors occurred![0m
[0m  See also "/Users/gabrieldagadu/PoliverAI/mono-repo-nx/apps/poliverai/android/app/.cxx/Debug/5h1l6x1l/arm64-v8a/CMakeFiles/CMakeOutput.log".[0m
[0m  [0m
[0m  C++ build system [configure] failed while executing:[0m
[0m      /Users/gabrieldagadu/Library/Android/sdk/cmake/3.22.1/bin/cmake \[0m
[0m        -H/Users/gabrieldagadu/PoliverAI/mono-repo-nx/node_modules/react-native/ReactAndroid/cmake-utils/default-app-setup \[0m
[0m        -DCMAKE_SYSTEM_NAME=Android \[0m
[0m        -DCMAKE_EXPORT_COMPILE_COMMANDS=ON \[0m
[0m        -DCMAKE_SYSTEM_VERSION=24 \[0m
[0m        -DANDROID_PLATFORM=android-24 \[0m
[0m        -DANDROID_ABI=arm64-v8a \[0m
[0m        -DCMAKE_ANDROID_ARCH_ABI=arm64-v8a \[0m
[0m        -DANDROID_NDK=/Users/gabrieldagadu/Library/Android/sdk/ndk/27.1.12297006 \[0m
[0m        -DCMAKE_ANDROID_NDK=/Users/gabrieldagadu/Library/Android/sdk/ndk/27.1.12297006 \[0m
[0m        -DCMAKE_TOOLCHAIN_FILE=/Users/gabrieldagadu/Library/Android/sdk/ndk/27.1.12297006/build/cmake/android.toolchain.cmake \[0m
[0m        -DCMAKE_MAKE_PROGRAM=/Users/gabrieldagadu/Library/Android/sdk/cmake/3.22.1/bin/ninja \[0m
[0m        -DCMAKE_LIBRARY_OUTPUT_DIRECTORY=/Users/gabrieldagadu/PoliverAI/mono-repo-nx/apps/poliverai/android/app/build/intermediates/cxx/Debug/5h1l6x1l/obj/arm64-v8a \[0m
[0m        -DCMAKE_RUNTIME_OUTPUT_DIRECTORY=/Users/gabrieldagadu/PoliverAI/mono-repo-nx/apps/poliverai/android/app/build/intermediates/cxx/Debug/5h1l6x1l/obj/arm64-v8a \[0m
[0m        -DCMAKE_BUILD_TYPE=Debug \[0m
[0m        -DCMAKE_FIND_ROOT_PATH=/Users/gabrieldagadu/PoliverAI/mono-repo-nx/apps/poliverai/android/app/.cxx/Debug/5h1l6x1l/prefab/arm64-v8a/prefab \[0m
[0m        -B/Users/gabrieldagadu/PoliverAI/mono-repo-nx/apps/poliverai/android/app/.cxx/Debug/5h1l6x1l/arm64-v8a \[0m
[0m        -GNinja \[0m
[0m        -DPROJECT_BUILD_DIR=/Users/gabrieldagadu/PoliverAI/mono-repo-nx/apps/poliverai/android/app/build \[0m
[0m        -DPROJECT_ROOT_DIR=/Users/gabrieldagadu/PoliverAI/mono-repo-nx/apps/poliverai/android \[0m
[0m        -DREACT_ANDROID_DIR=/Users/gabrieldagadu/PoliverAI/mono-repo-nx/node_modules/react-native/ReactAndroid \[0m
[0m        -DANDROID_STL=c++_shared \[0m
[0m        -DANDROID_SUPPORT_FLEXIBLE_PAGE_SIZES=ON[0m
[0m    from /Users/gabrieldagadu/PoliverAI/mono-repo-nx/apps/poliverai/android/app[0m
[0m  CMake Error at /Users/gabrieldagadu/PoliverAI/mono-repo-nx/apps/poliverai/android/app/build/generated/autolinking/src/main/jni/Android-autolinking.cmake:12 (add_subdirectory):[0m
[0m    add_subdirectory given source[0m
[0m    "/Users/gabrieldagadu/PoliverAI/mono-repo-nx/node_modules/react-native-worklets/android/build/generated/source/codegen/jni/"[0m
[0m    which is not an existing directory.[0m
[0m  Call Stack (most recent call first):[0m
[0m    /Users/gabrieldagadu/PoliverAI/mono-repo-nx/node_modules/react-native/ReactAndroid/cmake-utils/ReactNative-application.cmake:100 (include)[0m
[0m    CMakeLists.txt:31 (include)[0m
[0m  [0m
[0m  [0m
[0m  CMake Error at /Users/gabrieldagadu/PoliverAI/mono-repo-nx/node_modules/react-native/ReactAndroid/cmake-utils/ReactNative-application.cmake:103 (target_link_libraries):[0m
[0m    Cannot specify link libraries for target "react_codegen_rnworklets" which[0m
[0m    is not built by this project.[0m
[0m  Call Stack (most recent call first):[0m
[0m    CMakeLists.txt:31 (include) : com.android.ide.common.process.ProcessException: -- Configuring incomplete, errors occurred![0m
[0m  See also "/Users/gabrieldagadu/PoliverAI/mono-repo-nx/apps/poliverai/android/app/.cxx/Debug/5h1l6x1l/arm64-v8a/CMakeFiles/CMakeOutput.log".[0m
[0m  [0m
[0m  C++ build system [configure] failed while executing:[0m
[0m      /Users/gabrieldagadu/Library/Android/sdk/cmake/3.22.1/bin/cmake \[0m
[0m        -H/Users/gabrieldagadu/PoliverAI/mono-repo-nx/node_modules/react-native/ReactAndroid/cmake-utils/default-app-setup \[0m
[0m        -DCMAKE_SYSTEM_NAME=Android \[0m
[0m        -DCMAKE_EXPORT_COMPILE_COMMANDS=ON \[0m
[0m        -DCMAKE_SYSTEM_VERSION=24 \[0m
[0m        -DANDROID_PLATFORM=android-24 \[0m
[0m        -DANDROID_ABI=arm64-v8a \[0m
[0m        -DCMAKE_ANDROID_ARCH_ABI=arm64-v8a \[0m
[0m        -DANDROID_NDK=/Users/gabrieldagadu/Library/Android/sdk/ndk/27.1.12297006 \[0m
[0m        -DCMAKE_ANDROID_NDK=/Users/gabrieldagadu/Library/Android/sdk/ndk/27.1.12297006 \[0m
[0m        -DCMAKE_TOOLCHAIN_FILE=/Users/gabrieldagadu/Library/Android/sdk/ndk/27.1.12297006/build/cmake/android.toolchain.cmake \[0m
[0m        -DCMAKE_MAKE_PROGRAM=/Users/gabrieldagadu/Library/Android/sdk/cmake/3.22.1/bin/ninja \[0m
[0m        -DCMAKE_LIBRARY_OUTPUT_DIRECTORY=/Users/gabrieldagadu/PoliverAI/mono-repo-nx/apps/poliverai/android/app/build/intermediates/cxx/Debug/5h1l6x1l/obj/arm64-v8a \[0m
[0m        -DCMAKE_RUNTIME_OUTPUT_DIRECTORY=/Users/gabrieldagadu/PoliverAI/mono-repo-nx/apps/poliverai/android/app/build/intermediates/cxx/Debug/5h1l6x1l/obj/arm64-v8a \[0m
[0m        -DCMAKE_BUILD_TYPE=Debug \[0m
[0m        -DCMAKE_FIND_ROOT_PATH=/Users/gabrieldagadu/PoliverAI/mono-repo-nx/apps/poliverai/android/app/.cxx/Debug/5h1l6x1l/prefab/arm64-v8a/prefab \[0m
[0m        -B/Users/gabrieldagadu/PoliverAI/mono-repo-nx/apps/poliverai/android/app/.cxx/Debug/5h1l6x1l/arm64-v8a \[0m
[0m        -GNinja \[0m
[0m        -DPROJECT_BUILD_DIR=/Users/gabrieldagadu/PoliverAI/mono-repo-nx/apps/poliverai/android/app/build \[0m
[0m        -DPROJECT_ROOT_DIR=/Users/gabrieldagadu/PoliverAI/mono-repo-nx/apps/poliverai/android \[0m
[0m        -DREACT_ANDROID_DIR=/Users/gabrieldagadu/PoliverAI/mono-repo-nx/node_modules/react-native/ReactAndroid \[0m
[0m        -DANDROID_STL=c++_shared \[0m
[0m        -DANDROID_SUPPORT_FLEXIBLE_PAGE_SIZES=ON[0m
[0m    from /Users/gabrieldagadu/PoliverAI/mono-repo-nx/apps/poliverai/android/app[0m
[0m  CMake Error at /Users/gabrieldagadu/PoliverAI/mono-repo-nx/apps/poliverai/android/app/build/generated/autolinking/src/main/jni/Android-autolinking.cmake:12 (add_subdirectory):[0m
[0m    add_subdirectory given source[0m
[0m    "/Users/gabrieldagadu/PoliverAI/mono-repo-nx/node_modules/react-native-worklets/android/build/generated/source/codegen/jni/"[0m
[0m    which is not an existing directory.[0m
[0m  Call Stack (most recent call first):[0m
[0m    /Users/gabrieldagadu/PoliverAI/mono-repo-nx/node_modules/react-native/ReactAndroid/cmake-utils/ReactNative-application.cmake:100 (include)[0m
[0m    CMakeLists.txt:31 (include)[0m
[0m  [0m
[0m  [0m
[0m  CMake Error at /Users/gabrieldagadu/PoliverAI/mono-repo-nx/node_modules/react-native/ReactAndroid/cmake-utils/ReactNative-application.cmake:103 (target_link_libraries):[0m
[0m    Cannot specify link libraries for target "react_codegen_rnworklets" which[0m
[0m    is not built by this project.[0m
[0m  Call Stack (most recent call first):[0m
[0m    CMakeLists.txt:31 (include)[0m
[0m  	at com.android.build.gradle.internal.cxx.process.ExecuteProcessKt.execute(ExecuteProcess.kt:288)[0m
[0m  	at com.android.build.gradle.internal.cxx.process.ExecuteProcessKt$executeProcess$1.invoke(ExecuteProcess.kt:108)[0m
[0m  	at com.android.build.gradle.internal.cxx.process.ExecuteProcessKt$executeProcess$1.invoke(ExecuteProcess.kt:106)[0m
[0m  	at com.android.build.gradle.internal.cxx.timing.TimingEnvironmentKt.time(TimingEnvironment.kt:32)[0m
[0m  	at com.android.build.gradle.internal.cxx.process.ExecuteProcessKt.executeProcess(ExecuteProcess.kt:106)[0m
[0m  	at com.android.build.gradle.internal.cxx.process.ExecuteProcessKt.executeProcess$default(ExecuteProcess.kt:85)[0m
[0m  	at com.android.build.gradle.tasks.CmakeQueryMetadataGenerator.executeProcess(CmakeFileApiMetadataGenerator.kt:59)[0m
[0m  	at com.android.build.gradle.tasks.ExternalNativeJsonGenerator$configureOneAbi$1$1$3.invoke(ExternalNativeJsonGenerator.kt:247)[0m
[0m  	at com.android.build.gradle.tasks.ExternalNativeJsonGenerator$configureOneAbi$1$1$3.invoke(ExternalNativeJsonGenerator.kt:247)[0m
[0m  	at com.android.build.gradle.internal.cxx.timing.TimingEnvironmentKt.time(TimingEnvironment.kt:32)[0m
[0m  	at com.android.build.gradle.tasks.ExternalNativeJsonGenerator.configureOneAbi(ExternalNativeJsonGenerator.kt:247)[0m
[0m  	at com.android.build.gradle.tasks.ExternalNativeJsonGenerator.configure(ExternalNativeJsonGenerator.kt:113)[0m
[0m  	at com.android.build.gradle.tasks.ExternalNativeBuildJsonTask.doTaskAction(ExternalNativeBuildJsonTask.kt:89)[0m
[0m  	at com.android.build.gradle.internal.tasks.UnsafeOutputsTask$taskAction$$inlined$recordTaskAction$1.invoke(BaseTask.kt:59)[0m
[0m  	at com.android.build.gradle.internal.tasks.Blocks.recordSpan(Blocks.java:51)[0m
[0m  	at com.android.build.gradle.internal.tasks.UnsafeOutputsTask.taskAction(UnsafeOutputsTask.kt:81)[0m
[0m  	at java.base/jdk.internal.reflect.NativeMethodAccessorImpl.invoke0(Native Method)[0m
[0m  	at java.base/jdk.internal.reflect.NativeMethodAccessorImpl.invoke(NativeMethodAccessorImpl.java:77)[0m
[0m  	at java.base/jdk.internal.reflect.DelegatingMethodAccessorImpl.invoke(DelegatingMethodAccessorImpl.java:43)[0m
[0m  	at java.base/java.lang.reflect.Method.invoke(Method.java:568)[0m
[0m  	at org.gradle.internal.reflect.JavaMethod.invoke(JavaMethod.java:125)[0m
[0m  	at org.gradle.api.internal.project.taskfactory.StandardTaskAction.doExecute(StandardTaskAction.java:58)[0m
[0m  	at org.gradle.api.internal.project.taskfactory.StandardTaskAction.execute(StandardTaskAction.java:51)[0m
[0m  	at org.gradle.api.internal.project.taskfactory.StandardTaskAction.execute(StandardTaskAction.java:29)[0m
[0m  	at org.gradle.api.internal.tasks.execution.TaskExecution$3.run(TaskExecution.java:244)[0m
[0m  	at org.gradle.internal.operations.DefaultBuildOperationRunner$1.execute(DefaultBuildOperationRunner.java:30)[0m
[0m  	at org.gradle.internal.operations.DefaultBuildOperationRunner$1.execute(DefaultBuildOperationRunner.java:27)[0m
[0m  	at org.gradle.internal.operations.DefaultBuildOperationRunner$2.execute(DefaultBuildOperationRunner.java:67)[0m
[0m  	at org.gradle.internal.operations.DefaultBuildOperationRunner$2.execute(DefaultBuildOperationRunner.java:60)[0m
[0m  	at org.gradle.internal.operations.DefaultBuildOperationRunner.execute(DefaultBuildOperationRunner.java:167)[0m
[0m  	at org.gradle.internal.operations.DefaultBuildOperationRunner.execute(DefaultBuildOperationRunner.java:60)[0m
[0m  	at org.gradle.internal.operations.DefaultBuildOperationRunner.run(DefaultBuildOperationRunner.java:48)[0m
[0m  	at org.gradle.api.internal.tasks.execution.TaskExecution.executeAction(TaskExecution.java:229)[0m
[0m  	at org.gradle.api.internal.tasks.execution.TaskExecution.executeActions(TaskExecution.java:212)[0m
[0m  	at org.gradle.api.internal.tasks.execution.TaskExecution.executeWithPreviousOutputFiles(TaskExecution.java:195)[0m
[0m  	at org.gradle.api.internal.tasks.execution.TaskExecution.execute(TaskExecution.java:162)[0m
[0m  	at org.gradle.internal.execution.steps.ExecuteStep.executeInternal(ExecuteStep.java:105)[0m
[0m  	at org.gradle.internal.execution.steps.ExecuteStep.access$000(ExecuteStep.java:44)[0m
[0m  	at org.gradle.internal.execution.steps.ExecuteStep$1.call(ExecuteStep.java:59)[0m
[0m  	at org.gradle.internal.execution.steps.ExecuteStep$1.call(ExecuteStep.java:56)[0m
[0m  	at org.gradle.internal.operations.DefaultBuildOperationRunner$CallableBuildOperationWorker.execute(DefaultBuildOperationRunner.java:210)[0m
[0m  	at org.gradle.internal.operations.DefaultBuildOperationRunner$CallableBuildOperationWorker.execute(DefaultBuildOperationRunner.java:205)[0m
[0m  	at org.gradle.internal.operations.DefaultBuildOperationRunner$2.execute(DefaultBuildOperationRunner.java:67)[0m
[0m  	at org.gradle.internal.operations.DefaultBuildOperationRunner$2.execute(DefaultBuildOperationRunner.java:60)[0m
[0m  	at org.gradle.internal.operations.DefaultBuildOperationRunner.execute(DefaultBuildOperationRunner.java:167)[0m
[0m  	at org.gradle.internal.operations.DefaultBuildOperationRunner.execute(DefaultBuildOperationRunner.java:60)[0m
[0m  	at org.gradle.internal.operations.DefaultBuildOperationRunner.call(DefaultBuildOperationRunner.java:54)[0m
[0m  	at org.gradle.internal.execution.steps.ExecuteStep.execute(ExecuteStep.java:56)[0m
[0m  	at org.gradle.internal.execution.steps.ExecuteStep.execute(ExecuteStep.java:44)[0m
[0m  	at org.gradle.internal.execution.steps.CancelExecutionStep.execute(CancelExecutionStep.java:42)[0m
[0m  	at org.gradle.internal.execution.steps.TimeoutStep.executeWithoutTimeout(TimeoutStep.java:75)[0m
[0m  	at org.gradle.internal.execution.steps.TimeoutStep.execute(TimeoutStep.java:55)[0m
[0m  	at org.gradle.internal.execution.steps.PreCreateOutputParentsStep.execute(PreCreateOutputParentsStep.java:50)[0m
[0m  	at org.gradle.internal.execution.steps.PreCreateOutputParentsStep.execute(PreCreateOutputParentsStep.java:28)[0m
[0m  	at org.gradle.internal.execution.steps.RemovePreviousOutputsStep.execute(RemovePreviousOutputsStep.java:67)[0m
[0m  	at org.gradle.internal.execution.steps.RemovePreviousOutputsStep.execute(RemovePreviousOutputsStep.java:37)[0m
[0m  	at org.gradle.internal.execution.steps.BroadcastChangingOutputsStep.execute(BroadcastChangingOutputsStep.java:61)[0m
[0m  	at org.gradle.internal.execution.steps.BroadcastChangingOutputsStep.execute(BroadcastChangingOutputsStep.java:26)[0m
[0m  	at org.gradle.internal.execution.steps.CaptureOutputsAfterExecutionStep.execute(CaptureOutputsAfterExecutionStep.java:69)[0m
[0m  	at org.gradle.internal.execution.steps.CaptureOutputsAfterExecutionStep.execute(CaptureOutputsAfterExecutionStep.java:46)[0m
[0m  	at org.gradle.internal.execution.steps.ResolveInputChangesStep.execute(ResolveInputChangesStep.java:40)[0m
[0m  	at org.gradle.internal.execution.steps.ResolveInputChangesStep.execute(ResolveInputChangesStep.java:29)[0m
[0m  	at org.gradle.internal.execution.steps.BuildCacheStep.executeWithoutCache(BuildCacheStep.java:189)[0m
[0m  	at org.gradle.internal.execution.steps.BuildCacheStep.lambda$execute$1(BuildCacheStep.java:75)[0m
[0m  	at org.gradle.internal.Either$Right.fold(Either.java:175)[0m
[0m  	at org.gradle.internal.execution.caching.CachingState.fold(CachingState.java:62)[0m
[0m  	at org.gradle.internal.execution.steps.BuildCacheStep.execute(BuildCacheStep.java:73)[0m
[0m  	at org.gradle.internal.execution.steps.BuildCacheStep.execute(BuildCacheStep.java:48)[0m
[0m  	at org.gradle.internal.execution.steps.StoreExecutionStateStep.execute(StoreExecutionStateStep.java:46)[0m
[0m  	at org.gradle.internal.execution.steps.StoreExecutionStateStep.execute(StoreExecutionStateStep.java:35)[0m
[0m  	at org.gradle.internal.execution.steps.SkipUpToDateStep.executeBecause(SkipUpToDateStep.java:75)[0m
[0m  	at org.gradle.internal.execution.steps.SkipUpToDateStep.lambda$execute$2(SkipUpToDateStep.java:53)[0m
[0m  	at java.base/java.util.Optional.orElseGet(Optional.java:364)[0m
[0m  	at org.gradle.internal.execution.steps.SkipUpToDateStep.execute(SkipUpToDateStep.java:53)[0m
[0m  	at org.gradle.internal.execution.steps.SkipUpToDateStep.execute(SkipUpToDateStep.java:35)[0m
[0m  	at org.gradle.internal.execution.steps.legacy.MarkSnapshottingInputsFinishedStep.execute(MarkSnapshottingInputsFinishedStep.java:37)[0m
[0m  	at org.gradle.internal.execution.steps.legacy.MarkSnapshottingInputsFinishedStep.execute(MarkSnapshottingInputsFinishedStep.java:27)[0m
[0m  	at org.gradle.internal.execution.steps.ResolveIncrementalCachingStateStep.executeDelegate(ResolveIncrementalCachingStateStep.java:49)[0m
[0m  	at org.gradle.internal.execution.steps.ResolveIncrementalCachingStateStep.executeDelegate(ResolveIncrementalCachingStateStep.java:27)[0m
[0m  	at org.gradle.internal.execution.steps.AbstractResolveCachingStateStep.execute(AbstractResolveCachingStateStep.java:71)[0m
[0m  	at org.gradle.internal.execution.steps.AbstractResolveCachingStateStep.execute(AbstractResolveCachingStateStep.java:39)[0m
[0m  	at org.gradle.internal.execution.steps.ResolveChangesStep.execute(ResolveChangesStep.java:65)[0m
[0m  	at org.gradle.internal.execution.steps.ResolveChangesStep.execute(ResolveChangesStep.java:36)[0m
[0m  	at org.gradle.internal.execution.steps.ValidateStep.execute(ValidateStep.java:107)[0m
[0m  	at org.gradle.internal.execution.steps.ValidateStep.execute(ValidateStep.java:56)[0m
[0m  	at org.gradle.internal.execution.steps.AbstractCaptureStateBeforeExecutionStep.execute(AbstractCaptureStateBeforeExecutionStep.java:64)[0m
[0m  	at org.gradle.internal.execution.steps.AbstractCaptureStateBeforeExecutionStep.execute(AbstractCaptureStateBeforeExecutionStep.java:43)[0m
[0m  	at org.gradle.internal.execution.steps.AbstractSkipEmptyWorkStep.executeWithNonEmptySources(AbstractSkipEmptyWorkStep.java:125)[0m
[0m  	at org.gradle.internal.execution.steps.AbstractSkipEmptyWorkStep.execute(AbstractSkipEmptyWorkStep.java:56)[0m
[0m  	at org.gradle.internal.execution.steps.AbstractSkipEmptyWorkStep.execute(AbstractSkipEmptyWorkStep.java:36)[0m
[0m  	at org.gradle.internal.execution.steps.legacy.MarkSnapshottingInputsStartedStep.execute(MarkSnapshottingInputsStartedStep.java:38)[0m
[0m  	at org.gradle.internal.execution.steps.LoadPreviousExecutionStateStep.execute(LoadPreviousExecutionStateStep.java:36)[0m
[0m  	at org.gradle.internal.execution.steps.LoadPreviousExecutionStateStep.execute(LoadPreviousExecutionStateStep.java:23)[0m
[0m  	at org.gradle.internal.execution.steps.HandleStaleOutputsStep.execute(HandleStaleOutputsStep.java:75)[0m
[0m  	at org.gradle.internal.execution.steps.HandleStaleOutputsStep.execute(HandleStaleOutputsStep.java:41)[0m
[0m  	at org.gradle.internal.execution.steps.AssignMutableWorkspaceStep.lambda$execute$0(AssignMutableWorkspaceStep.java:35)[0m
[0m  	at org.gradle.api.internal.tasks.execution.TaskExecution$4.withWorkspace(TaskExecution.java:289)[0m
[0m  	at org.gradle.internal.execution.steps.AssignMutableWorkspaceStep.execute(AssignMutableWorkspaceStep.java:31)[0m
[0m  	at org.gradle.internal.execution.steps.AssignMutableWorkspaceStep.execute(AssignMutableWorkspaceStep.java:22)[0m
[0m  	at org.gradle.internal.execution.steps.ChoosePipelineStep.execute(ChoosePipelineStep.java:40)[0m
[0m  	at org.gradle.internal.execution.steps.ChoosePipelineStep.execute(ChoosePipelineStep.java:23)[0m
[0m  	at org.gradle.internal.execution.steps.ExecuteWorkBuildOperationFiringStep.lambda$execute$2(ExecuteWorkBuildOperationFiringStep.java:67)[0m
[0m  	at java.base/java.util.Optional.orElseGet(Optional.java:364)[0m
[0m  	at org.gradle.internal.execution.steps.ExecuteWorkBuildOperationFiringStep.execute(ExecuteWorkBuildOperationFiringStep.java:67)[0m
[0m  	at org.gradle.internal.execution.steps.ExecuteWorkBuildOperationFiringStep.execute(ExecuteWorkBuildOperationFiringStep.java:39)[0m
[0m  	at org.gradle.internal.execution.steps.IdentityCacheStep.execute(IdentityCacheStep.java:46)[0m
[0m  	at org.gradle.internal.execution.steps.IdentityCacheStep.execute(IdentityCacheStep.java:34)[0m
[0m  	at org.gradle.internal.execution.steps.IdentifyStep.execute(IdentifyStep.java:48)[0m
[0m  	at org.gradle.internal.execution.steps.IdentifyStep.execute(IdentifyStep.java:35)[0m
[0m  	at org.gradle.internal.execution.impl.DefaultExecutionEngine$1.execute(DefaultExecutionEngine.java:61)[0m
[0m  	at org.gradle.api.internal.tasks.execution.ExecuteActionsTaskExecuter.executeIfValid(ExecuteActionsTaskExecuter.java:127)[0m
[0m  	at org.gradle.api.internal.tasks.execution.ExecuteActionsTaskExecuter.execute(ExecuteActionsTaskExecuter.java:116)[0m
[0m  	at org.gradle.api.internal.tasks.execution.ProblemsTaskPathTrackingTaskExecuter.execute(ProblemsTaskPathTrackingTaskExecuter.java:40)[0m
[0m  	at org.gradle.api.internal.tasks.execution.FinalizePropertiesTaskExecuter.execute(FinalizePropertiesTaskExecuter.java:46)[0m
[0m  	at org.gradle.api.internal.tasks.execution.ResolveTaskExecutionModeExecuter.execute(ResolveTaskExecutionModeExecuter.java:51)[0m
[0m  	at org.gradle.api.internal.tasks.execution.SkipTaskWithNoActionsExecuter.execute(SkipTaskWithNoActionsExecuter.java:57)[0m
[0m  	at org.gradle.api.internal.tasks.execution.SkipOnlyIfTaskExecuter.execute(SkipOnlyIfTaskExecuter.java:74)[0m
[0m  	at org.gradle.api.internal.tasks.execution.CatchExceptionTaskExecuter.execute(CatchExceptionTaskExecuter.java:36)[0m
[0m  	at org.gradle.api.internal.tasks.execution.EventFiringTaskExecuter$1.executeTask(EventFiringTaskExecuter.java:77)[0m
[0m  	at org.gradle.api.internal.tasks.execution.EventFiringTaskExecuter$1.call(EventFiringTaskExecuter.java:55)[0m
[0m  	at org.gradle.api.internal.tasks.execution.EventFiringTaskExecuter$1.call(EventFiringTaskExecuter.java:52)[0m
[0m  	at org.gradle.internal.operations.DefaultBuildOperationRunner$CallableBuildOperationWorker.execute(DefaultBuildOperationRunner.java:210)[0m
[0m  	at org.gradle.internal.operations.DefaultBuildOperationRunner$CallableBuildOperationWorker.execute(DefaultBuildOperationRunner.java:205)[0m
[0m  	at org.gradle.internal.operations.DefaultBuildOperationRunner$2.execute(DefaultBuildOperationRunner.java:67)[0m
[0m  	at org.gradle.internal.operations.DefaultBuildOperationRunner$2.execute(DefaultBuildOperationRunner.java:60)[0m
[0m  	at org.gradle.internal.operations.DefaultBuildOperationRunner.execute(DefaultBuildOperationRunner.java:167)[0m
[0m  	at org.gradle.internal.operations.DefaultBuildOperationRunner.execute(DefaultBuildOperationRunner.java:60)[0m
[0m  	at org.gradle.internal.operations.DefaultBuildOperationRunner.call(DefaultBuildOperationRunner.java:54)[0m
[0m  	at org.gradle.api.internal.tasks.execution.EventFiringTaskExecuter.execute(EventFiringTaskExecuter.java:52)[0m
[0m  	at org.gradle.execution.plan.LocalTaskNodeExecutor.execute(LocalTaskNodeExecutor.java:42)[0m
[0m  	at org.gradle.execution.taskgraph.DefaultTaskExecutionGraph$InvokeNodeExecutorsAction.execute(DefaultTaskExecutionGraph.java:331)[0m
[0m  	at org.gradle.execution.taskgraph.DefaultTaskExecutionGraph$InvokeNodeExecutorsAction.execute(DefaultTaskExecutionGraph.java:318)[0m
[0m  	at org.gradle.execution.taskgraph.DefaultTaskExecutionGraph$BuildOperationAwareExecutionAction.lambda$execute$0(DefaultTaskExecutionGraph.java:314)[0m
[0m  	at org.gradle.internal.operations.CurrentBuildOperationRef.with(CurrentBuildOperationRef.java:85)[0m
[0m  	at org.gradle.execution.taskgraph.DefaultTaskExecutionGraph$BuildOperationAwareExecutionAction.execute(DefaultTaskExecutionGraph.java:314)[0m
[0m  	at org.gradle.execution.taskgraph.DefaultTaskExecutionGraph$BuildOperationAwareExecutionAction.execute(DefaultTaskExecutionGraph.java:303)[0m
[0m  	at org.gradle.execution.plan.DefaultPlanExecutor$ExecutorWorker.execute(DefaultPlanExecutor.java:459)[0m
[0m  	at org.gradle.execution.plan.DefaultPlanExecutor$ExecutorWorker.run(DefaultPlanExecutor.java:376)[0m
[0m  	at org.gradle.internal.concurrent.ExecutorPolicy$CatchAndRecordFailures.onExecute(ExecutorPolicy.java:64)[0m
[0m  	at org.gradle.internal.concurrent.AbstractManagedExecutor$1.run(AbstractManagedExecutor.java:48)[0m
[0m  	at java.base/java.util.concurrent.ThreadPoolExecutor.runWorker(ThreadPoolExecutor.java:1136)[0m
[0m  	at java.base/java.util.concurrent.ThreadPoolExecutor$Worker.run(ThreadPoolExecutor.java:635)[0m
[0m  	at java.base/java.lang.Thread.run(Thread.java:842)[0m
[0m  Caused by: com.android.ide.common.process.ProcessException: Error while executing process /Users/gabrieldagadu/Library/Android/sdk/cmake/3.22.1/bin/cmake with arguments {-H/Users/gabrieldagadu/PoliverAI/mono-repo-nx/node_modules/react-native/ReactAndroid/cmake-utils/default-app-setup -DCMAKE_SYSTEM_NAME=Android -DCMAKE_EXPORT_COMPILE_COMMANDS=ON -DCMAKE_SYSTEM_VERSION=24 -DANDROID_PLATFORM=android-24 -DANDROID_ABI=arm64-v8a -DCMAKE_ANDROID_ARCH_ABI=arm64-v8a -DANDROID_NDK=/Users/gabrieldagadu/Library/Android/sdk/ndk/27.1.12297006 -DCMAKE_ANDROID_NDK=/Users/gabrieldagadu/Library/Android/sdk/ndk/27.1.12297006 -DCMAKE_TOOLCHAIN_FILE=/Users/gabrieldagadu/Library/Android/sdk/ndk/27.1.12297006/build/cmake/android.toolchain.cmake -DCMAKE_MAKE_PROGRAM=/Users/gabrieldagadu/Library/Android/sdk/cmake/3.22.1/bin/ninja -DCMAKE_LIBRARY_OUTPUT_DIRECTORY=/Users/gabrieldagadu/PoliverAI/mono-repo-nx/apps/poliverai/android/app/build/intermediates/cxx/Debug/5h1l6x1l/obj/arm64-v8a -DCMAKE_RUNTIME_OUTPUT_DIRECTORY=/Users/gabrieldagadu/PoliverAI/mono-repo-nx/apps/poliverai/android/app/build/intermediates/cxx/Debug/5h1l6x1l/obj/arm64-v8a -DCMAKE_BUILD_TYPE=Debug -DCMAKE_FIND_ROOT_PATH=/Users/gabrieldagadu/PoliverAI/mono-repo-nx/apps/poliverai/android/app/.cxx/Debug/5h1l6x1l/prefab/arm64-v8a/prefab -B/Users/gabrieldagadu/PoliverAI/mono-repo-nx/apps/poliverai/android/app/.cxx/Debug/5h1l6x1l/arm64-v8a -GNinja -DPROJECT_BUILD_DIR=/Users/gabrieldagadu/PoliverAI/mono-repo-nx/apps/poliverai/android/app/build -DPROJECT_ROOT_DIR=/Users/gabrieldagadu/PoliverAI/mono-repo-nx/apps/poliverai/android -DREACT_ANDROID_DIR=/Users/gabrieldagadu/PoliverAI/mono-repo-nx/node_modules/react-native/ReactAndroid -DANDROID_STL=c++_shared -DANDROID_SUPPORT_FLEXIBLE_PAGE_SIZES=ON}[0m
[0m  	at com.android.build.gradle.internal.process.GradleProcessResult.buildProcessException(GradleProcessResult.java:73)[0m
[0m  	at com.android.build.gradle.internal.process.GradleProcessResult.assertNormalExitValue(GradleProcessResult.java:48)[0m
[0m  	at com.android.build.gradle.internal.cxx.process.ExecuteProcessKt.execute(ExecuteProcess.kt:277)[0m
[0m  	... 142 more[0m
[0m  Caused by: org.gradle.process.internal.ExecException: Process 'command '/Users/gabrieldagadu/Library/Android/sdk/cmake/3.22.1/bin/cmake'' finished with non-zero exit value 1[0m
[0m  	at org.gradle.process.internal.DefaultExecHandle$ExecResultImpl.assertNormalExitValue(DefaultExecHandle.java:442)[0m
[0m  	at com.android.build.gradle.internal.process.GradleProcessResult.assertNormalExitValue(GradleProcessResult.java:46)[0m
[0m  	... 143 more[0m
[0m[0m
[0m[0m
[0m* Try:[0m
[0m> Run with --stacktrace option to get the stack trace.[0m
[0m> Run with --info or --debug option to get more log output.[0m
[0m> Run with --scan to get full insights.[0m
[0m> Get more help at https://help.gradle.org.[0m
[0m[0m
[0mBUILD FAILED in 3m 43s[0m
[31m[1merror[22m[39m [0mFailed to install the app. Command failed with exit code 1: ./gradlew app:installDebug -PreactNativeDevServerPort=8081 -PreactNativeArchitectures=arm64-v8a[0m
[0mNote: Some input files use or override a deprecated API.[0m
[0mNote: Recompile with -Xlint:deprecation for details.[0m
[0mNote: Some input files use unchecked or unsafe operations.[0m
[0mNote: Recompile with -Xlint:unchecked for details. FAILURE: Build failed with an exception. * What went wrong:[0m
[0mExecution failed for task ':app:configureCMakeDebug[arm64-v8a]'.[0m
[0m> [CXX1429] error when building with cmake using /Users/gabrieldagadu/PoliverAI/mono-repo-nx/node_modules/react-native/ReactAndroid/cmake-utils/default-app-setup/CMakeLists.txt: -- Configuring incomplete, errors occurred! See also "/Users/gabrieldagadu/PoliverAI/mono-repo-nx/apps/poliverai/android/app/.cxx/Debug/5h1l6x1l/arm64-v8a/CMakeFiles/CMakeOutput.log". C++ build system [configure] failed while executing: /Users/gabrieldagadu/Library/Android/sdk/cmake/3.22.1/bin/cmake \ -H/Users/gabrieldagadu/PoliverAI/mono-repo-nx/node_modules/react-native/ReactAndroid/cmake-utils/default-app-setup \ -DCMAKE_SYSTEM_NAME=Android \ -DCMAKE_EXPORT_COMPILE_COMMANDS=ON \ -DCMAKE_SYSTEM_VERSION=24 \ -DANDROID_PLATFORM=android-24 \ -DANDROID_ABI=arm64-v8a \ -DCMAKE_ANDROID_ARCH_ABI=arm64-v8a \ -DANDROID_NDK=/Users/gabrieldagadu/Library/Android/sdk/ndk/27.1.12297006 \ -DCMAKE_ANDROID_NDK=/Users/gabrieldagadu/Library/Android/sdk/ndk/27.1.12297006 \ -DCMAKE_TOOLCHAIN_FILE=/Users/gabrieldagadu/Library/Android/sdk/ndk/27.1.12297006/build/cmake/android.toolchain.cmake \ -DCMAKE_MAKE_PROGRAM=/Users/gabrieldagadu/Library/Android/sdk/cmake/3.22.1/bin/ninja \ -DCMAKE_LIBRARY_OUTPUT_DIRECTORY=/Users/gabrieldagadu/PoliverAI/mono-repo-nx/apps/poliverai/android/app/build/intermediates/cxx/Debug/5h1l6x1l/obj/arm64-v8a \ -DCMAKE_RUNTIME_OUTPUT_DIRECTORY=/Users/gabrieldagadu/PoliverAI/mono-repo-nx/apps/poliverai/android/app/build/intermediates/cxx/Debug/5h1l6x1l/obj/arm64-v8a \ -DCMAKE_BUILD_TYPE=Debug \ -DCMAKE_FIND_ROOT_PATH=/Users/gabrieldagadu/PoliverAI/mono-repo-nx/apps/poliverai/android/app/.cxx/Debug/5h1l6x1l/prefab/arm64-v8a/prefab \ -B/Users/gabrieldagadu/PoliverAI/mono-repo-nx/apps/poliverai/android/app/.cxx/Debug/5h1l6x1l/arm64-v8a \ -GNinja \ -DPROJECT_BUILD_DIR=/Users/gabrieldagadu/PoliverAI/mono-repo-nx/apps/poliverai/android/app/build \ -DPROJECT_ROOT_DIR=/Users/gabrieldagadu/PoliverAI/mono-repo-nx/apps/poliverai/android \ -DREACT_ANDROID_DIR=/Users/gabrieldagadu/PoliverAI/mono-repo-nx/node_modules/react-native/ReactAndroid \ -DANDROID_STL=c++_shared \ -DANDROID_SUPPORT_FLEXIBLE_PAGE_SIZES=ON from /Users/gabrieldagadu/PoliverAI/mono-repo-nx/apps/poliverai/android/app CMake Error at /Users/gabrieldagadu/PoliverAI/mono-repo-nx/apps/poliverai/android/app/build/generated/autolinking/src/main/jni/Android-autolinking.cmake:12 (add_subdirectory): add_subdirectory given source "/Users/gabrieldagadu/PoliverAI/mono-repo-nx/node_modules/react-native-worklets/android/build/generated/source/codegen/jni/" which is not an existing directory. Call Stack (most recent call first): /Users/gabrieldagadu/PoliverAI/mono-repo-nx/node_modules/react-native/ReactAndroid/cmake-utils/ReactNative-application.cmake:100 (include) CMakeLists.txt:31 (include) CMake Error at /Users/gabrieldagadu/PoliverAI/mono-repo-nx/node_modules/react-native/ReactAndroid/cmake-utils/ReactNative-application.cmake:103 (target_link_libraries): Cannot specify link libraries for target "react_codegen_rnworklets" which is not built by this project. Call Stack (most recent call first): CMakeLists.txt:31 (include) : com.android.ide.common.process.ProcessException: -- Configuring incomplete, errors occurred! See also "/Users/gabrieldagadu/PoliverAI/mono-repo-nx/apps/poliverai/android/app/.cxx/Debug/5h1l6x1l/arm64-v8a/CMakeFiles/CMakeOutput.log". C++ build system [configure] failed while executing: /Users/gabrieldagadu/Library/Android/sdk/cmake/3.22.1/bin/cmake \ -H/Users/gabrieldagadu/PoliverAI/mono-repo-nx/node_modules/react-native/ReactAndroid/cmake-utils/default-app-setup \ -DCMAKE_SYSTEM_NAME=Android \ -DCMAKE_EXPORT_COMPILE_COMMANDS=ON \ -DCMAKE_SYSTEM_VERSION=24 \ -DANDROID_PLATFORM=android-24 \ -DANDROID_ABI=arm64-v8a \ -DCMAKE_ANDROID_ARCH_ABI=arm64-v8a \ -DANDROID_NDK=/Users/gabrieldagadu/Library/Android/sdk/ndk/27.1.12297006 \ -DCMAKE_ANDROID_NDK=/Users/gabrieldagadu/Library/Android/sdk/ndk/27.1.12297006 \ -DCMAKE_TOOLCHAIN_FILE=/Users/gabrieldagadu/Library/Android/sdk/ndk/27.1.12297006/build/cmake/android.toolchain.cmake \ -DCMAKE_MAKE_PROGRAM=/Users/gabrieldagadu/Library/Android/sdk/cmake/3.22.1/bin/ninja \ -DCMAKE_LIBRARY_OUTPUT_DIRECTORY=/Users/gabrieldagadu/PoliverAI/mono-repo-nx/apps/poliverai/android/app/build/intermediates/cxx/Debug/5h1l6x1l/obj/arm64-v8a \ -DCMAKE_RUNTIME_OUTPUT_DIRECTORY=/Users/gabrieldagadu/PoliverAI/mono-repo-nx/apps/poliverai/android/app/build/intermediates/cxx/Debug/5h1l6x1l/obj/arm64-v8a \ -DCMAKE_BUILD_TYPE=Debug \ -DCMAKE_FIND_ROOT_PATH=/Users/gabrieldagadu/PoliverAI/mono-repo-nx/apps/poliverai/android/app/.cxx/Debug/5h1l6x1l/prefab/arm64-v8a/prefab \ -B/Users/gabrieldagadu/PoliverAI/mono-repo-nx/apps/poliverai/android/app/.cxx/Debug/5h1l6x1l/arm64-v8a \ -GNinja \ -DPROJECT_BUILD_DIR=/Users/gabrieldagadu/PoliverAI/mono-repo-nx/apps/poliverai/android/app/build \ -DPROJECT_ROOT_DIR=/Users/gabrieldagadu/PoliverAI/mono-repo-nx/apps/poliverai/android \ -DREACT_ANDROID_DIR=/Users/gabrieldagadu/PoliverAI/mono-repo-nx/node_modules/react-native/ReactAndroid \ -DANDROID_STL=c++_shared \ -DANDROID_SUPPORT_FLEXIBLE_PAGE_SIZES=ON from /Users/gabrieldagadu/PoliverAI/mono-repo-nx/apps/poliverai/android/app CMake Error at /Users/gabrieldagadu/PoliverAI/mono-repo-nx/apps/poliverai/android/app/build/generated/autolinking/src/main/jni/Android-autolinking.cmake:12 (add_subdirectory): add_subdirectory given source "/Users/gabrieldagadu/PoliverAI/mono-repo-nx/node_modules/react-native-worklets/android/build/generated/source/codegen/jni/" which is not an existing directory. Call Stack (most recent call first): /Users/gabrieldagadu/PoliverAI/mono-repo-nx/node_modules/react-native/ReactAndroid/cmake-utils/ReactNative-application.cmake:100 (include) CMakeLists.txt:31 (include) CMake Error at /Users/gabrieldagadu/PoliverAI/mono-repo-nx/node_modules/react-native/ReactAndroid/cmake-utils/ReactNative-application.cmake:103 (target_link_libraries): Cannot specify link libraries for target "react_codegen_rnworklets" which is not built by this project. Call Stack (most recent call first): CMakeLists.txt:31 (include) at com.android.build.gradle.internal.cxx.process.ExecuteProcessKt.execute(ExecuteProcess.kt:288) at com.android.build.gradle.internal.cxx.process.ExecuteProcessKt$executeProcess$1.invoke(ExecuteProcess.kt:108) at com.android.build.gradle.internal.cxx.process.ExecuteProcessKt$executeProcess$1.invoke(ExecuteProcess.kt:106) at com.android.build.gradle.internal.cxx.timing.TimingEnvironmentKt.time(TimingEnvironment.kt:32) at com.android.build.gradle.internal.cxx.process.ExecuteProcessKt.executeProcess(ExecuteProcess.kt:106) at com.android.build.gradle.internal.cxx.process.ExecuteProcessKt.executeProcess$default(ExecuteProcess.kt:85) at com.android.build.gradle.tasks.CmakeQueryMetadataGenerator.executeProcess(CmakeFileApiMetadataGenerator.kt:59) at com.android.build.gradle.tasks.ExternalNativeJsonGenerator$configureOneAbi$1$1$3.invoke(ExternalNativeJsonGenerator.kt:247) at com.android.build.gradle.tasks.ExternalNativeJsonGenerator$configureOneAbi$1$1$3.invoke(ExternalNativeJsonGenerator.kt:247) at com.android.build.gradle.internal.cxx.timing.TimingEnvironmentKt.time(TimingEnvironment.kt:32) at com.android.build.gradle.tasks.ExternalNativeJsonGenerator.configureOneAbi(ExternalNativeJsonGenerator.kt:247) at com.android.build.gradle.tasks.ExternalNativeJsonGenerator.configure(ExternalNativeJsonGenerator.kt:113) at com.android.build.gradle.tasks.ExternalNativeBuildJsonTask.doTaskAction(ExternalNativeBuildJsonTask.kt:89) at com.android.build.gradle.internal.tasks.UnsafeOutputsTask$taskAction$$inlined$recordTaskAction$1.invoke(BaseTask.kt:59) at com.android.build.gradle.internal.tasks.Blocks.recordSpan(Blocks.java:51) at com.android.build.gradle.internal.tasks.UnsafeOutputsTask.taskAction(UnsafeOutputsTask.kt:81) at java.base/jdk.internal.reflect.NativeMethodAccessorImpl.invoke0(Native Method) at java.base/jdk.internal.reflect.NativeMethodAccessorImpl.invoke(NativeMethodAccessorImpl.java:77) at java.base/jdk.internal.reflect.DelegatingMethodAccessorImpl.invoke(DelegatingMethodAccessorImpl.java:43) at java.base/java.lang.reflect.Method.invoke(Method.java:568) at org.gradle.internal.reflect.JavaMethod.invoke(JavaMethod.java:125) at org.gradle.api.internal.project.taskfactory.StandardTaskAction.doExecute(StandardTaskAction.java:58) at org.gradle.api.internal.project.taskfactory.StandardTaskAction.execute(StandardTaskAction.java:51) at org.gradle.api.internal.project.taskfactory.StandardTaskAction.execute(StandardTaskAction.java:29) at org.gradle.api.internal.tasks.execution.TaskExecution$3.run(TaskExecution.java:244) at org.gradle.internal.operations.DefaultBuildOperationRunner$1.execute(DefaultBuildOperationRunner.java:30) at org.gradle.internal.operations.DefaultBuildOperationRunner$1.execute(DefaultBuildOperationRunner.java:27) at org.gradle.internal.operations.DefaultBuildOperationRunner$2.execute(DefaultBuildOperationRunner.java:67) at org.gradle.internal.operations.DefaultBuildOperationRunner$2.execute(DefaultBuildOperationRunner.java:60) at org.gradle.internal.operations.DefaultBuildOperationRunner.execute(DefaultBuildOperationRunner.java:167) at org.gradle.internal.operations.DefaultBuildOperationRunner.execute(DefaultBuildOperationRunner.java:60) at org.gradle.internal.operations.DefaultBuildOperationRunner.run(DefaultBuildOperationRunner.java:48) at org.gradle.api.internal.tasks.execution.TaskExecution.executeAction(TaskExecution.java:229) at org.gradle.api.internal.tasks.execution.TaskExecution.executeActions(TaskExecution.java:212) at org.gradle.api.internal.tasks.execution.TaskExecution.executeWithPreviousOutputFiles(TaskExecution.java:195) at org.gradle.api.internal.tasks.execution.TaskExecution.execute(TaskExecution.java:162) at org.gradle.internal.execution.steps.ExecuteStep.executeInternal(ExecuteStep.java:105) at org.gradle.internal.execution.steps.ExecuteStep.access$000(ExecuteStep.java:44) at org.gradle.internal.execution.steps.ExecuteStep$1.call(ExecuteStep.java:59) at org.gradle.internal.execution.steps.ExecuteStep$1.call(ExecuteStep.java:56) at org.gradle.internal.operations.DefaultBuildOperationRunner$CallableBuildOperationWorker.execute(DefaultBuildOperationRunner.java:210) at org.gradle.internal.operations.DefaultBuildOperationRunner$CallableBuildOperationWorker.execute(DefaultBuildOperationRunner.java:205) at org.gradle.internal.operations.DefaultBuildOperationRunner$2.execute(DefaultBuildOperationRunner.java:67) at org.gradle.internal.operations.DefaultBuildOperationRunner$2.execute(DefaultBuildOperationRunner.java:60) at org.gradle.internal.operations.DefaultBuildOperationRunner.execute(DefaultBuildOperationRunner.java:167) at org.gradle.internal.operations.DefaultBuildOperationRunner.execute(DefaultBuildOperationRunner.java:60) at org.gradle.internal.operations.DefaultBuildOperationRunner.call(DefaultBuildOperationRunner.java:54) at org.gradle.internal.execution.steps.ExecuteStep.execute(ExecuteStep.java:56) at org.gradle.internal.execution.steps.ExecuteStep.execute(ExecuteStep.java:44) at org.gradle.internal.execution.steps.CancelExecutionStep.execute(CancelExecutionStep.java:42) at org.gradle.internal.execution.steps.TimeoutStep.executeWithoutTimeout(TimeoutStep.java:75) at org.gradle.internal.execution.steps.TimeoutStep.execute(TimeoutStep.java:55) at org.gradle.internal.execution.steps.PreCreateOutputParentsStep.execute(PreCreateOutputParentsStep.java:50) at org.gradle.internal.execution.steps.PreCreateOutputParentsStep.execute(PreCreateOutputParentsStep.java:28) at org.gradle.internal.execution.steps.RemovePreviousOutputsStep.execute(RemovePreviousOutputsStep.java:67) at org.gradle.internal.execution.steps.RemovePreviousOutputsStep.execute(RemovePreviousOutputsStep.java:37) at org.gradle.internal.execution.steps.BroadcastChangingOutputsStep.execute(BroadcastChangingOutputsStep.java:61) at org.gradle.internal.execution.steps.BroadcastChangingOutputsStep.execute(BroadcastChangingOutputsStep.java:26) at org.gradle.internal.execution.steps.CaptureOutputsAfterExecutionStep.execute(CaptureOutputsAfterExecutionStep.java:69) at org.gradle.internal.execution.steps.CaptureOutputsAfterExecutionStep.execute(CaptureOutputsAfterExecutionStep.java:46) at org.gradle.internal.execution.steps.ResolveInputChangesStep.execute(ResolveInputChangesStep.java:40) at org.gradle.internal.execution.steps.ResolveInputChangesStep.execute(ResolveInputChangesStep.java:29) at org.gradle.internal.execution.steps.BuildCacheStep.executeWithoutCache(BuildCacheStep.java:189) at org.gradle.internal.execution.steps.BuildCacheStep.lambda$execute$1(BuildCacheStep.java:75) at org.gradle.internal.Either$Right.fold(Either.java:175) at org.gradle.internal.execution.caching.CachingState.fold(CachingState.java:62) at org.gradle.internal.execution.steps.BuildCacheStep.execute(BuildCacheStep.java:73) at org.gradle.internal.execution.steps.BuildCacheStep.execute(BuildCacheStep.java:48) at org.gradle.internal.execution.steps.StoreExecutionStateStep.execute(StoreExecutionStateStep.java:46) at org.gradle.internal.execution.steps.StoreExecutionStateStep.execute(StoreExecutionStateStep.java:35) at org.gradle.internal.execution.steps.SkipUpToDateStep.executeBecause(SkipUpToDateStep.java:75) at org.gradle.internal.execution.steps.SkipUpToDateStep.lambda$execute$2(SkipUpToDateStep.java:53) at java.base/java.util.Optional.orElseGet(Optional.java:364) at org.gradle.internal.execution.steps.SkipUpToDateStep.execute(SkipUpToDateStep.java:53) at org.gradle.internal.execution.steps.SkipUpToDateStep.execute(SkipUpToDateStep.java:35) at org.gradle.internal.execution.steps.legacy.MarkSnapshottingInputsFinishedStep.execute(MarkSnapshottingInputsFinishedStep.java:37) at org.gradle.internal.execution.steps.legacy.MarkSnapshottingInputsFinishedStep.execute(MarkSnapshottingInputsFinishedStep.java:27) at org.gradle.internal.execution.steps.ResolveIncrementalCachingStateStep.executeDelegate(ResolveIncrementalCachingStateStep.java:49) at org.gradle.internal.execution.steps.ResolveIncrementalCachingStateStep.executeDelegate(ResolveIncrementalCachingStateStep.java:27) at org.gradle.internal.execution.steps.AbstractResolveCachingStateStep.execute(AbstractResolveCachingStateStep.java:71) at org.gradle.internal.execution.steps.AbstractResolveCachingStateStep.execute(AbstractResolveCachingStateStep.java:39) at org.gradle.internal.execution.steps.ResolveChangesStep.execute(ResolveChangesStep.java:65) at org.gradle.internal.execution.steps.ResolveChangesStep.execute(ResolveChangesStep.java:36) at org.gradle.internal.execution.steps.ValidateStep.execute(ValidateStep.java:107) at org.gradle.internal.execution.steps.ValidateStep.execute(ValidateStep.java:56) at org.gradle.internal.execution.steps.AbstractCaptureStateBeforeExecutionStep.execute(AbstractCaptureStateBeforeExecutionStep.java:64) at org.gradle.internal.execution.steps.AbstractCaptureStateBeforeExecutionStep.execute(AbstractCaptureStateBeforeExecutionStep.java:43) at org.gradle.internal.execution.steps.AbstractSkipEmptyWorkStep.executeWithNonEmptySources(AbstractSkipEmptyWorkStep.java:125) at org.gradle.internal.execution.steps.AbstractSkipEmptyWorkStep.execute(AbstractSkipEmptyWorkStep.java:56) at org.gradle.internal.execution.steps.AbstractSkipEmptyWorkStep.execute(AbstractSkipEmptyWorkStep.java:36) at org.gradle.internal.execution.steps.legacy.MarkSnapshottingInputsStartedStep.execute(MarkSnapshottingInputsStartedStep.java:38) at org.gradle.internal.execution.steps.LoadPreviousExecutionStateStep.execute(LoadPreviousExecutionStateStep.java:36) at org.gradle.internal.execution.steps.LoadPreviousExecutionStateStep.execute(LoadPreviousExecutionStateStep.java:23) at org.gradle.internal.execution.steps.HandleStaleOutputsStep.execute(HandleStaleOutputsStep.java:75) at org.gradle.internal.execution.steps.HandleStaleOutputsStep.execute(HandleStaleOutputsStep.java:41) at org.gradle.internal.execution.steps.AssignMutableWorkspaceStep.lambda$execute$0(AssignMutableWorkspaceStep.java:35) at org.gradle.api.internal.tasks.execution.TaskExecution$4.withWorkspace(TaskExecution.java:289) at org.gradle.internal.execution.steps.AssignMutableWorkspaceStep.execute(AssignMutableWorkspaceStep.java:31) at org.gradle.internal.execution.steps.AssignMutableWorkspaceStep.execute(AssignMutableWorkspaceStep.java:22) at org.gradle.internal.execution.steps.ChoosePipelineStep.execute(ChoosePipelineStep.java:40) at org.gradle.internal.execution.steps.ChoosePipelineStep.execute(ChoosePipelineStep.java:23) at org.gradle.internal.execution.steps.ExecuteWorkBuildOperationFiringStep.lambda$execute$2(ExecuteWorkBuildOperationFiringStep.java:67) at java.base/java.util.Optional.orElseGet(Optional.java:364) at org.gradle.internal.execution.steps.ExecuteWorkBuildOperationFiringStep.execute(ExecuteWorkBuildOperationFiringStep.java:67) at org.gradle.internal.execution.steps.ExecuteWorkBuildOperationFiringStep.execute(ExecuteWorkBuildOperationFiringStep.java:39) at org.gradle.internal.execution.steps.IdentityCacheStep.execute(IdentityCacheStep.java:46) at org.gradle.internal.execution.steps.IdentityCacheStep.execute(IdentityCacheStep.java:34) at org.gradle.internal.execution.steps.IdentifyStep.execute(IdentifyStep.java:48) at org.gradle.internal.execution.steps.IdentifyStep.execute(IdentifyStep.java:35) at org.gradle.internal.execution.impl.DefaultExecutionEngine$1.execute(DefaultExecutionEngine.java:61) at org.gradle.api.internal.tasks.execution.ExecuteActionsTaskExecuter.executeIfValid(ExecuteActionsTaskExecuter.java:127) at org.gradle.api.internal.tasks.execution.ExecuteActionsTaskExecuter.execute(ExecuteActionsTaskExecuter.java:116) at org.gradle.api.internal.tasks.execution.ProblemsTaskPathTrackingTaskExecuter.execute(ProblemsTaskPathTrackingTaskExecuter.java:40) at org.gradle.api.internal.tasks.execution.FinalizePropertiesTaskExecuter.execute(FinalizePropertiesTaskExecuter.java:46) at org.gradle.api.internal.tasks.execution.ResolveTaskExecutionModeExecuter.execute(ResolveTaskExecutionModeExecuter.java:51) at org.gradle.api.internal.tasks.execution.SkipTaskWithNoActionsExecuter.execute(SkipTaskWithNoActionsExecuter.java:57) at org.gradle.api.internal.tasks.execution.SkipOnlyIfTaskExecuter.execute(SkipOnlyIfTaskExecuter.java:74) at org.gradle.api.internal.tasks.execution.CatchExceptionTaskExecuter.execute(CatchExceptionTaskExecuter.java:36) at org.gradle.api.internal.tasks.execution.EventFiringTaskExecuter$1.executeTask(EventFiringTaskExecuter.java:77) at org.gradle.api.internal.tasks.execution.EventFiringTaskExecuter$1.call(EventFiringTaskExecuter.java:55) at org.gradle.api.internal.tasks.execution.EventFiringTaskExecuter$1.call(EventFiringTaskExecuter.java:52) at org.gradle.internal.operations.DefaultBuildOperationRunner$CallableBuildOperationWorker.execute(DefaultBuildOperationRunner.java:210) at org.gradle.internal.operations.DefaultBuildOperationRunner$CallableBuildOperationWorker.execute(DefaultBuildOperationRunner.java:205) at org.gradle.internal.operations.DefaultBuildOperationRunner$2.execute(DefaultBuildOperationRunner.java:67) at org.gradle.internal.operations.DefaultBuildOperationRunner$2.execute(DefaultBuildOperationRunner.java:60) at org.gradle.internal.operations.DefaultBuildOperationRunner.execute(DefaultBuildOperationRunner.java:167) at org.gradle.internal.operations.DefaultBuildOperationRunner.execute(DefaultBuildOperationRunner.java:60) at org.gradle.internal.operations.DefaultBuildOperationRunner.call(DefaultBuildOperationRunner.java:54) at org.gradle.api.internal.tasks.execution.EventFiringTaskExecuter.execute(EventFiringTaskExecuter.java:52) at org.gradle.execution.plan.LocalTaskNodeExecutor.execute(LocalTaskNodeExecutor.java:42) at org.gradle.execution.taskgraph.DefaultTaskExecutionGraph$InvokeNodeExecutorsAction.execute(DefaultTaskExecutionGraph.java:331) at org.gradle.execution.taskgraph.DefaultTaskExecutionGraph$InvokeNodeExecutorsAction.execute(DefaultTaskExecutionGraph.java:318) at org.gradle.execution.taskgraph.DefaultTaskExecutionGraph$BuildOperationAwareExecutionAction.lambda$execute$0(DefaultTaskExecutionGraph.java:314) at org.gradle.internal.operations.CurrentBuildOperationRef.with(CurrentBuildOperationRef.java:85) at org.gradle.execution.taskgraph.DefaultTaskExecutionGraph$BuildOperationAwareExecutionAction.execute(DefaultTaskExecutionGraph.java:314) at org.gradle.execution.taskgraph.DefaultTaskExecutionGraph$BuildOperationAwareExecutionAction.execute(DefaultTaskExecutionGraph.java:303) at org.gradle.execution.plan.DefaultPlanExecutor$ExecutorWorker.execute(DefaultPlanExecutor.java:459) at org.gradle.execution.plan.DefaultPlanExecutor$ExecutorWorker.run(DefaultPlanExecutor.java:376) at org.gradle.internal.concurrent.ExecutorPolicy$CatchAndRecordFailures.onExecute(ExecutorPolicy.java:64) at org.gradle.internal.concurrent.AbstractManagedExecutor$1.run(AbstractManagedExecutor.java:48) at java.base/java.util.concurrent.ThreadPoolExecutor.runWorker(ThreadPoolExecutor.java:1136) at java.base/java.util.concurrent.ThreadPoolExecutor$Worker.run(ThreadPoolExecutor.java:635) at java.base/java.lang.Thread.run(Thread.java:842) Caused by: com.android.ide.common.process.ProcessException: Error while executing process /Users/gabrieldagadu/Library/Android/sdk/cmake/3.22.1/bin/cmake with arguments {-H/Users/gabrieldagadu/PoliverAI/mono-repo-nx/node_modules/react-native/ReactAndroid/cmake-utils/default-app-setup -DCMAKE_SYSTEM_NAME=Android -DCMAKE_EXPORT_COMPILE_COMMANDS=ON -DCMAKE_SYSTEM_VERSION=24 -DANDROID_PLATFORM=android-24 -DANDROID_ABI=arm64-v8a -DCMAKE_ANDROID_ARCH_ABI=arm64-v8a -DANDROID_NDK=/Users/gabrieldagadu/Library/Android/sdk/ndk/27.1.12297006 -DCMAKE_ANDROID_NDK=/Users/gabrieldagadu/Library/Android/sdk/ndk/27.1.12297006 -DCMAKE_TOOLCHAIN_FILE=/Users/gabrieldagadu/Library/Android/sdk/ndk/27.1.12297006/build/cmake/android.toolchain.cmake -DCMAKE_MAKE_PROGRAM=/Users/gabrieldagadu/Library/Android/sdk/cmake/3.22.1/bin/ninja -DCMAKE_LIBRARY_OUTPUT_DIRECTORY=/Users/gabrieldagadu/PoliverAI/mono-repo-nx/apps/poliverai/android/app/build/intermediates/cxx/Debug/5h1l6x1l/obj/arm64-v8a -DCMAKE_RUNTIME_OUTPUT_DIRECTORY=/Users/gabrieldagadu/PoliverAI/mono-repo-nx/apps/poliverai/android/app/build/intermediates/cxx/Debug/5h1l6x1l/obj/arm64-v8a -DCMAKE_BUILD_TYPE=Debug -DCMAKE_FIND_ROOT_PATH=/Users/gabrieldagadu/PoliverAI/mono-repo-nx/apps/poliverai/android/app/.cxx/Debug/5h1l6x1l/prefab/arm64-v8a/prefab -B/Users/gabrieldagadu/PoliverAI/mono-repo-nx/apps/poliverai/android/app/.cxx/Debug/5h1l6x1l/arm64-v8a -GNinja -DPROJECT_BUILD_DIR=/Users/gabrieldagadu/PoliverAI/mono-repo-nx/apps/poliverai/android/app/build -DPROJECT_ROOT_DIR=/Users/gabrieldagadu/PoliverAI/mono-repo-nx/apps/poliverai/android -DREACT_ANDROID_DIR=/Users/gabrieldagadu/PoliverAI/mono-repo-nx/node_modules/react-native/ReactAndroid -DANDROID_STL=c++_shared -DANDROID_SUPPORT_FLEXIBLE_PAGE_SIZES=ON} at com.android.build.gradle.internal.process.GradleProcessResult.buildProcessException(GradleProcessResult.java:73) at com.android.build.gradle.internal.process.GradleProcessResult.assertNormalExitValue(GradleProcessResult.java:48) at com.android.build.gradle.internal.cxx.process.ExecuteProcessKt.execute(ExecuteProcess.kt:277) ... 142 more Caused by: org.gradle.process.internal.ExecException: Process 'command '/Users/gabrieldagadu/Library/Android/sdk/cmake/3.22.1/bin/cmake'' finished with non-zero exit value 1 at org.gradle.process.internal.DefaultExecHandle$ExecResultImpl.assertNormalExitValue(DefaultExecHandle.java:442) at com.android.build.gradle.internal.process.GradleProcessResult.assertNormalExitValue(GradleProcessResult.java:46) ... 143 more * Try:[0m
[0m> Run with --stacktrace option to get the stack trace.[0m
[0m> Run with --info or --debug option to get more log output.[0m
[0m> Run with --scan to get full insights.[0m
[0m> Get more help at https://help.gradle.org. BUILD FAILED in 3m 43s.[0m

[0m[7m[1m[31m NX [39m[22m[27m[0m  [31m1[39m


